ARM GAS  C:\Users\PNGUBO~1\AppData\Local\Temp\ccFZcKRl.s 			page 1


   1              		.cpu cortex-m4
   2              		.arch armv7e-m
   3              		.fpu fpv4-sp-d16
   4              		.eabi_attribute 27, 1
   5              		.eabi_attribute 28, 1
   6              		.eabi_attribute 20, 1
   7              		.eabi_attribute 21, 1
   8              		.eabi_attribute 23, 3
   9              		.eabi_attribute 24, 1
  10              		.eabi_attribute 25, 1
  11              		.eabi_attribute 26, 1
  12              		.eabi_attribute 30, 1
  13              		.eabi_attribute 34, 1
  14              		.eabi_attribute 18, 4
  15              		.file	"stm32f4xx_hal_adc.c"
  16              		.text
  17              		.section	.text.ADC_Init,"ax",%progbits
  18              		.align	1
  19              		.syntax unified
  20              		.thumb
  21              		.thumb_func
  23              	ADC_Init:
  24              		@ args = 0, pretend = 0, frame = 0
  25              		@ frame_needed = 0, uses_anonymous_args = 0
  26              		@ link register save eliminated.
  27 0000 4A4B     		ldr	r3, .L6
  28 0002 5A68     		ldr	r2, [r3, #4]
  29 0004 22F44032 		bic	r2, r2, #196608
  30 0008 5A60     		str	r2, [r3, #4]
  31 000a 5A68     		ldr	r2, [r3, #4]
  32 000c 4168     		ldr	r1, [r0, #4]
  33 000e 0A43     		orrs	r2, r2, r1
  34 0010 5A60     		str	r2, [r3, #4]
  35 0012 0268     		ldr	r2, [r0]
  36 0014 5368     		ldr	r3, [r2, #4]
  37 0016 23F48073 		bic	r3, r3, #256
  38 001a 5360     		str	r3, [r2, #4]
  39 001c 0268     		ldr	r2, [r0]
  40 001e 5368     		ldr	r3, [r2, #4]
  41 0020 0169     		ldr	r1, [r0, #16]
  42 0022 43EA0123 		orr	r3, r3, r1, lsl #8
  43 0026 5360     		str	r3, [r2, #4]
  44 0028 0268     		ldr	r2, [r0]
  45 002a 5368     		ldr	r3, [r2, #4]
  46 002c 23F04073 		bic	r3, r3, #50331648
  47 0030 5360     		str	r3, [r2, #4]
  48 0032 0268     		ldr	r2, [r0]
  49 0034 5368     		ldr	r3, [r2, #4]
  50 0036 8168     		ldr	r1, [r0, #8]
  51 0038 0B43     		orrs	r3, r3, r1
  52 003a 5360     		str	r3, [r2, #4]
  53 003c 0268     		ldr	r2, [r0]
  54 003e 9368     		ldr	r3, [r2, #8]
  55 0040 23F40063 		bic	r3, r3, #2048
  56 0044 9360     		str	r3, [r2, #8]
  57 0046 0268     		ldr	r2, [r0]
  58 0048 9368     		ldr	r3, [r2, #8]
ARM GAS  C:\Users\PNGUBO~1\AppData\Local\Temp\ccFZcKRl.s 			page 2


  59 004a C168     		ldr	r1, [r0, #12]
  60 004c 0B43     		orrs	r3, r3, r1
  61 004e 9360     		str	r3, [r2, #8]
  62 0050 826A     		ldr	r2, [r0, #40]
  63 0052 374B     		ldr	r3, .L6+4
  64 0054 9A42     		cmp	r2, r3
  65 0056 57D0     		beq	.L2
  66 0058 0268     		ldr	r2, [r0]
  67 005a 9368     		ldr	r3, [r2, #8]
  68 005c 23F07063 		bic	r3, r3, #251658240
  69 0060 9360     		str	r3, [r2, #8]
  70 0062 0268     		ldr	r2, [r0]
  71 0064 9368     		ldr	r3, [r2, #8]
  72 0066 816A     		ldr	r1, [r0, #40]
  73 0068 0B43     		orrs	r3, r3, r1
  74 006a 9360     		str	r3, [r2, #8]
  75 006c 0268     		ldr	r2, [r0]
  76 006e 9368     		ldr	r3, [r2, #8]
  77 0070 23F04053 		bic	r3, r3, #805306368
  78 0074 9360     		str	r3, [r2, #8]
  79 0076 0268     		ldr	r2, [r0]
  80 0078 9368     		ldr	r3, [r2, #8]
  81 007a C16A     		ldr	r1, [r0, #44]
  82 007c 0B43     		orrs	r3, r3, r1
  83 007e 9360     		str	r3, [r2, #8]
  84              	.L3:
  85 0080 0268     		ldr	r2, [r0]
  86 0082 9368     		ldr	r3, [r2, #8]
  87 0084 23F00203 		bic	r3, r3, #2
  88 0088 9360     		str	r3, [r2, #8]
  89 008a 0268     		ldr	r2, [r0]
  90 008c 9368     		ldr	r3, [r2, #8]
  91 008e 017E     		ldrb	r1, [r0, #24]	@ zero_extendqisi2
  92 0090 43EA4103 		orr	r3, r3, r1, lsl #1
  93 0094 9360     		str	r3, [r2, #8]
  94 0096 90F82030 		ldrb	r3, [r0, #32]	@ zero_extendqisi2
  95 009a 002B     		cmp	r3, #0
  96 009c 3FD0     		beq	.L4
  97 009e 0268     		ldr	r2, [r0]
  98 00a0 5368     		ldr	r3, [r2, #4]
  99 00a2 43F40063 		orr	r3, r3, #2048
 100 00a6 5360     		str	r3, [r2, #4]
 101 00a8 0268     		ldr	r2, [r0]
 102 00aa 5368     		ldr	r3, [r2, #4]
 103 00ac 23F46043 		bic	r3, r3, #57344
 104 00b0 5360     		str	r3, [r2, #4]
 105 00b2 0168     		ldr	r1, [r0]
 106 00b4 4B68     		ldr	r3, [r1, #4]
 107 00b6 426A     		ldr	r2, [r0, #36]
 108 00b8 013A     		subs	r2, r2, #1
 109 00ba 43EA4233 		orr	r3, r3, r2, lsl #13
 110 00be 4B60     		str	r3, [r1, #4]
 111              	.L5:
 112 00c0 0268     		ldr	r2, [r0]
 113 00c2 D36A     		ldr	r3, [r2, #44]
 114 00c4 23F47003 		bic	r3, r3, #15728640
 115 00c8 D362     		str	r3, [r2, #44]
ARM GAS  C:\Users\PNGUBO~1\AppData\Local\Temp\ccFZcKRl.s 			page 3


 116 00ca 0168     		ldr	r1, [r0]
 117 00cc CB6A     		ldr	r3, [r1, #44]
 118 00ce C269     		ldr	r2, [r0, #28]
 119 00d0 013A     		subs	r2, r2, #1
 120 00d2 43EA0253 		orr	r3, r3, r2, lsl #20
 121 00d6 CB62     		str	r3, [r1, #44]
 122 00d8 0268     		ldr	r2, [r0]
 123 00da 9368     		ldr	r3, [r2, #8]
 124 00dc 23F40073 		bic	r3, r3, #512
 125 00e0 9360     		str	r3, [r2, #8]
 126 00e2 0268     		ldr	r2, [r0]
 127 00e4 9368     		ldr	r3, [r2, #8]
 128 00e6 90F83010 		ldrb	r1, [r0, #48]	@ zero_extendqisi2
 129 00ea 43EA4123 		orr	r3, r3, r1, lsl #9
 130 00ee 9360     		str	r3, [r2, #8]
 131 00f0 0268     		ldr	r2, [r0]
 132 00f2 9368     		ldr	r3, [r2, #8]
 133 00f4 23F48063 		bic	r3, r3, #1024
 134 00f8 9360     		str	r3, [r2, #8]
 135 00fa 0268     		ldr	r2, [r0]
 136 00fc 9368     		ldr	r3, [r2, #8]
 137 00fe 4169     		ldr	r1, [r0, #20]
 138 0100 43EA8123 		orr	r3, r3, r1, lsl #10
 139 0104 9360     		str	r3, [r2, #8]
 140 0106 7047     		bx	lr
 141              	.L2:
 142 0108 0268     		ldr	r2, [r0]
 143 010a 9368     		ldr	r3, [r2, #8]
 144 010c 23F07063 		bic	r3, r3, #251658240
 145 0110 9360     		str	r3, [r2, #8]
 146 0112 0268     		ldr	r2, [r0]
 147 0114 9368     		ldr	r3, [r2, #8]
 148 0116 23F04053 		bic	r3, r3, #805306368
 149 011a 9360     		str	r3, [r2, #8]
 150 011c B0E7     		b	.L3
 151              	.L4:
 152 011e 0268     		ldr	r2, [r0]
 153 0120 5368     		ldr	r3, [r2, #4]
 154 0122 23F40063 		bic	r3, r3, #2048
 155 0126 5360     		str	r3, [r2, #4]
 156 0128 CAE7     		b	.L5
 157              	.L7:
 158 012a 00BF     		.align	2
 159              	.L6:
 160 012c 00230140 		.word	1073816320
 161 0130 0100000F 		.word	251658241
 163              		.section	.text.HAL_ADC_MspInit,"ax",%progbits
 164              		.align	1
 165              		.weak	HAL_ADC_MspInit
 166              		.syntax unified
 167              		.thumb
 168              		.thumb_func
 170              	HAL_ADC_MspInit:
 171              		@ args = 0, pretend = 0, frame = 0
 172              		@ frame_needed = 0, uses_anonymous_args = 0
 173              		@ link register save eliminated.
 174 0000 7047     		bx	lr
ARM GAS  C:\Users\PNGUBO~1\AppData\Local\Temp\ccFZcKRl.s 			page 4


 176              		.section	.text.HAL_ADC_Init,"ax",%progbits
 177              		.align	1
 178              		.global	HAL_ADC_Init
 179              		.syntax unified
 180              		.thumb
 181              		.thumb_func
 183              	HAL_ADC_Init:
 184              		@ args = 0, pretend = 0, frame = 0
 185              		@ frame_needed = 0, uses_anonymous_args = 0
 186 0000 38B3     		cbz	r0, .L13
 187 0002 10B5     		push	{r4, lr}
 188 0004 0446     		mov	r4, r0
 189 0006 036C     		ldr	r3, [r0, #64]
 190 0008 43B1     		cbz	r3, .L19
 191              	.L11:
 192 000a 236C     		ldr	r3, [r4, #64]
 193 000c 13F0100F 		tst	r3, #16
 194 0010 0BD0     		beq	.L20
 195 0012 0120     		movs	r0, #1
 196              	.L12:
 197 0014 0023     		movs	r3, #0
 198 0016 84F83C30 		strb	r3, [r4, #60]
 199 001a 10BD     		pop	{r4, pc}
 200              	.L19:
 201 001c FFF7FEFF 		bl	HAL_ADC_MspInit
 202 0020 0023     		movs	r3, #0
 203 0022 6364     		str	r3, [r4, #68]
 204 0024 84F83C30 		strb	r3, [r4, #60]
 205 0028 EFE7     		b	.L11
 206              	.L20:
 207 002a 236C     		ldr	r3, [r4, #64]
 208 002c 23F48853 		bic	r3, r3, #4352
 209 0030 23F00203 		bic	r3, r3, #2
 210 0034 43F00203 		orr	r3, r3, #2
 211 0038 2364     		str	r3, [r4, #64]
 212 003a 2046     		mov	r0, r4
 213 003c FFF7FEFF 		bl	ADC_Init
 214 0040 0020     		movs	r0, #0
 215 0042 6064     		str	r0, [r4, #68]
 216 0044 236C     		ldr	r3, [r4, #64]
 217 0046 23F00303 		bic	r3, r3, #3
 218 004a 43F00103 		orr	r3, r3, #1
 219 004e 2364     		str	r3, [r4, #64]
 220 0050 E0E7     		b	.L12
 221              	.L13:
 222 0052 0120     		movs	r0, #1
 223 0054 7047     		bx	lr
 225              		.section	.text.HAL_ADC_MspDeInit,"ax",%progbits
 226              		.align	1
 227              		.weak	HAL_ADC_MspDeInit
 228              		.syntax unified
 229              		.thumb
 230              		.thumb_func
 232              	HAL_ADC_MspDeInit:
 233              		@ args = 0, pretend = 0, frame = 0
 234              		@ frame_needed = 0, uses_anonymous_args = 0
 235              		@ link register save eliminated.
ARM GAS  C:\Users\PNGUBO~1\AppData\Local\Temp\ccFZcKRl.s 			page 5


 236 0000 7047     		bx	lr
 238              		.section	.text.HAL_ADC_DeInit,"ax",%progbits
 239              		.align	1
 240              		.global	HAL_ADC_DeInit
 241              		.syntax unified
 242              		.thumb
 243              		.thumb_func
 245              	HAL_ADC_DeInit:
 246              		@ args = 0, pretend = 0, frame = 0
 247              		@ frame_needed = 0, uses_anonymous_args = 0
 248 0000 C8B1     		cbz	r0, .L25
 249 0002 10B5     		push	{r4, lr}
 250 0004 0446     		mov	r4, r0
 251 0006 036C     		ldr	r3, [r0, #64]
 252 0008 43F00203 		orr	r3, r3, #2
 253 000c 0364     		str	r3, [r0, #64]
 254 000e 0268     		ldr	r2, [r0]
 255 0010 9368     		ldr	r3, [r2, #8]
 256 0012 23F00103 		bic	r3, r3, #1
 257 0016 9360     		str	r3, [r2, #8]
 258 0018 0368     		ldr	r3, [r0]
 259 001a 9B68     		ldr	r3, [r3, #8]
 260 001c 13F0010F 		tst	r3, #1
 261 0020 03D0     		beq	.L30
 262              	.L24:
 263 0022 0020     		movs	r0, #0
 264 0024 84F83C00 		strb	r0, [r4, #60]
 265 0028 10BD     		pop	{r4, pc}
 266              	.L30:
 267 002a FFF7FEFF 		bl	HAL_ADC_MspDeInit
 268 002e 0023     		movs	r3, #0
 269 0030 6364     		str	r3, [r4, #68]
 270 0032 2364     		str	r3, [r4, #64]
 271 0034 F5E7     		b	.L24
 272              	.L25:
 273 0036 0120     		movs	r0, #1
 274 0038 7047     		bx	lr
 276              		.section	.text.HAL_ADC_Start,"ax",%progbits
 277              		.align	1
 278              		.global	HAL_ADC_Start
 279              		.syntax unified
 280              		.thumb
 281              		.thumb_func
 283              	HAL_ADC_Start:
 284              		@ args = 0, pretend = 0, frame = 8
 285              		@ frame_needed = 0, uses_anonymous_args = 0
 286              		@ link register save eliminated.
 287 0000 82B0     		sub	sp, sp, #8
 288 0002 0023     		movs	r3, #0
 289 0004 0193     		str	r3, [sp, #4]
 290 0006 90F83C30 		ldrb	r3, [r0, #60]	@ zero_extendqisi2
 291 000a 012B     		cmp	r3, #1
 292 000c 00F08980 		beq	.L43
 293 0010 0123     		movs	r3, #1
 294 0012 80F83C30 		strb	r3, [r0, #60]
 295 0016 0368     		ldr	r3, [r0]
 296 0018 9A68     		ldr	r2, [r3, #8]
ARM GAS  C:\Users\PNGUBO~1\AppData\Local\Temp\ccFZcKRl.s 			page 6


 297 001a 12F0010F 		tst	r2, #1
 298 001e 13D1     		bne	.L33
 299 0020 9A68     		ldr	r2, [r3, #8]
 300 0022 42F00102 		orr	r2, r2, #1
 301 0026 9A60     		str	r2, [r3, #8]
 302 0028 414B     		ldr	r3, .L53
 303 002a 1B68     		ldr	r3, [r3]
 304 002c 414A     		ldr	r2, .L53+4
 305 002e A2FB0323 		umull	r2, r3, r2, r3
 306 0032 9B0C     		lsrs	r3, r3, #18
 307 0034 03EB4303 		add	r3, r3, r3, lsl #1
 308 0038 0193     		str	r3, [sp, #4]
 309 003a 02E0     		b	.L34
 310              	.L35:
 311 003c 019B     		ldr	r3, [sp, #4]
 312 003e 013B     		subs	r3, r3, #1
 313 0040 0193     		str	r3, [sp, #4]
 314              	.L34:
 315 0042 019B     		ldr	r3, [sp, #4]
 316 0044 002B     		cmp	r3, #0
 317 0046 F9D1     		bne	.L35
 318              	.L33:
 319 0048 0268     		ldr	r2, [r0]
 320 004a 9368     		ldr	r3, [r2, #8]
 321 004c 13F0010F 		tst	r3, #1
 322 0050 5CD0     		beq	.L36
 323 0052 036C     		ldr	r3, [r0, #64]
 324 0054 23F4E063 		bic	r3, r3, #1792
 325 0058 23F00103 		bic	r3, r3, #1
 326 005c 43F48073 		orr	r3, r3, #256
 327 0060 0364     		str	r3, [r0, #64]
 328 0062 5368     		ldr	r3, [r2, #4]
 329 0064 13F4806F 		tst	r3, #1024
 330 0068 05D0     		beq	.L37
 331 006a 036C     		ldr	r3, [r0, #64]
 332 006c 23F44053 		bic	r3, r3, #12288
 333 0070 43F48053 		orr	r3, r3, #4096
 334 0074 0364     		str	r3, [r0, #64]
 335              	.L37:
 336 0076 036C     		ldr	r3, [r0, #64]
 337 0078 13F4805F 		tst	r3, #4096
 338 007c 1BD0     		beq	.L38
 339 007e 436C     		ldr	r3, [r0, #68]
 340 0080 23F00603 		bic	r3, r3, #6
 341 0084 4364     		str	r3, [r0, #68]
 342              	.L39:
 343 0086 0023     		movs	r3, #0
 344 0088 80F83C30 		strb	r3, [r0, #60]
 345 008c 6FF02203 		mvn	r3, #34
 346 0090 1360     		str	r3, [r2]
 347 0092 294B     		ldr	r3, .L53+8
 348 0094 5B68     		ldr	r3, [r3, #4]
 349 0096 13F01F0F 		tst	r3, #31
 350 009a 27D1     		bne	.L40
 351 009c 0368     		ldr	r3, [r0]
 352 009e 274A     		ldr	r2, .L53+12
 353 00a0 9342     		cmp	r3, r2
ARM GAS  C:\Users\PNGUBO~1\AppData\Local\Temp\ccFZcKRl.s 			page 7


 354 00a2 11D0     		beq	.L41
 355 00a4 02F58072 		add	r2, r2, #256
 356 00a8 9342     		cmp	r3, r2
 357 00aa 07D0     		beq	.L50
 358              	.L42:
 359 00ac 244A     		ldr	r2, .L53+16
 360 00ae 9342     		cmp	r3, r2
 361 00b0 14D0     		beq	.L51
 362 00b2 0020     		movs	r0, #0
 363 00b4 33E0     		b	.L32
 364              	.L38:
 365 00b6 0023     		movs	r3, #0
 366 00b8 4364     		str	r3, [r0, #68]
 367 00ba E4E7     		b	.L39
 368              	.L50:
 369 00bc 02F50072 		add	r2, r2, #512
 370 00c0 5268     		ldr	r2, [r2, #4]
 371 00c2 12F01F0F 		tst	r2, #31
 372 00c6 F1D1     		bne	.L42
 373              	.L41:
 374 00c8 9A68     		ldr	r2, [r3, #8]
 375 00ca 12F0405F 		tst	r2, #805306368
 376 00ce 2AD1     		bne	.L46
 377 00d0 9A68     		ldr	r2, [r3, #8]
 378 00d2 42F08042 		orr	r2, r2, #1073741824
 379 00d6 9A60     		str	r2, [r3, #8]
 380 00d8 0020     		movs	r0, #0
 381 00da 20E0     		b	.L32
 382              	.L51:
 383 00dc 02F58072 		add	r2, r2, #256
 384 00e0 5268     		ldr	r2, [r2, #4]
 385 00e2 12F0100F 		tst	r2, #16
 386 00e6 EFD0     		beq	.L41
 387 00e8 0020     		movs	r0, #0
 388 00ea 18E0     		b	.L32
 389              	.L40:
 390 00ec 0368     		ldr	r3, [r0]
 391 00ee 134A     		ldr	r2, .L53+12
 392 00f0 9342     		cmp	r3, r2
 393 00f2 01D0     		beq	.L52
 394 00f4 0020     		movs	r0, #0
 395 00f6 12E0     		b	.L32
 396              	.L52:
 397 00f8 9A68     		ldr	r2, [r3, #8]
 398 00fa 12F0405F 		tst	r2, #805306368
 399 00fe 14D1     		bne	.L48
 400 0100 9A68     		ldr	r2, [r3, #8]
 401 0102 42F08042 		orr	r2, r2, #1073741824
 402 0106 9A60     		str	r2, [r3, #8]
 403 0108 0020     		movs	r0, #0
 404 010a 08E0     		b	.L32
 405              	.L36:
 406 010c 036C     		ldr	r3, [r0, #64]
 407 010e 43F01003 		orr	r3, r3, #16
 408 0112 0364     		str	r3, [r0, #64]
 409 0114 436C     		ldr	r3, [r0, #68]
 410 0116 43F00103 		orr	r3, r3, #1
ARM GAS  C:\Users\PNGUBO~1\AppData\Local\Temp\ccFZcKRl.s 			page 8


 411 011a 4364     		str	r3, [r0, #68]
 412 011c 0020     		movs	r0, #0
 413              	.L32:
 414 011e 02B0     		add	sp, sp, #8
 415              		@ sp needed
 416 0120 7047     		bx	lr
 417              	.L43:
 418 0122 0220     		movs	r0, #2
 419 0124 FBE7     		b	.L32
 420              	.L46:
 421 0126 0020     		movs	r0, #0
 422 0128 F9E7     		b	.L32
 423              	.L48:
 424 012a 0020     		movs	r0, #0
 425 012c F7E7     		b	.L32
 426              	.L54:
 427 012e 00BF     		.align	2
 428              	.L53:
 429 0130 00000000 		.word	SystemCoreClock
 430 0134 83DE1B43 		.word	1125899907
 431 0138 00230140 		.word	1073816320
 432 013c 00200140 		.word	1073815552
 433 0140 00220140 		.word	1073816064
 435              		.section	.text.HAL_ADC_Stop,"ax",%progbits
 436              		.align	1
 437              		.global	HAL_ADC_Stop
 438              		.syntax unified
 439              		.thumb
 440              		.thumb_func
 442              	HAL_ADC_Stop:
 443              		@ args = 0, pretend = 0, frame = 0
 444              		@ frame_needed = 0, uses_anonymous_args = 0
 445              		@ link register save eliminated.
 446 0000 90F83C30 		ldrb	r3, [r0, #60]	@ zero_extendqisi2
 447 0004 012B     		cmp	r3, #1
 448 0006 19D0     		beq	.L58
 449 0008 0123     		movs	r3, #1
 450 000a 80F83C30 		strb	r3, [r0, #60]
 451 000e 0268     		ldr	r2, [r0]
 452 0010 9368     		ldr	r3, [r2, #8]
 453 0012 23F00103 		bic	r3, r3, #1
 454 0016 9360     		str	r3, [r2, #8]
 455 0018 0368     		ldr	r3, [r0]
 456 001a 9B68     		ldr	r3, [r3, #8]
 457 001c 13F0010F 		tst	r3, #1
 458 0020 07D1     		bne	.L57
 459 0022 036C     		ldr	r3, [r0, #64]
 460 0024 23F48853 		bic	r3, r3, #4352
 461 0028 23F00103 		bic	r3, r3, #1
 462 002c 43F00103 		orr	r3, r3, #1
 463 0030 0364     		str	r3, [r0, #64]
 464              	.L57:
 465 0032 0023     		movs	r3, #0
 466 0034 80F83C30 		strb	r3, [r0, #60]
 467 0038 1846     		mov	r0, r3
 468 003a 7047     		bx	lr
 469              	.L58:
ARM GAS  C:\Users\PNGUBO~1\AppData\Local\Temp\ccFZcKRl.s 			page 9


 470 003c 0220     		movs	r0, #2
 471 003e 7047     		bx	lr
 473              		.section	.text.HAL_ADC_PollForConversion,"ax",%progbits
 474              		.align	1
 475              		.global	HAL_ADC_PollForConversion
 476              		.syntax unified
 477              		.thumb
 478              		.thumb_func
 480              	HAL_ADC_PollForConversion:
 481              		@ args = 0, pretend = 0, frame = 0
 482              		@ frame_needed = 0, uses_anonymous_args = 0
 483 0000 70B5     		push	{r4, r5, r6, lr}
 484 0002 0446     		mov	r4, r0
 485 0004 0D46     		mov	r5, r1
 486 0006 0368     		ldr	r3, [r0]
 487 0008 9A68     		ldr	r2, [r3, #8]
 488 000a 12F4806F 		tst	r2, #1024
 489 000e 03D0     		beq	.L60
 490 0010 9B68     		ldr	r3, [r3, #8]
 491 0012 13F4807F 		tst	r3, #256
 492 0016 19D1     		bne	.L71
 493              	.L60:
 494 0018 FFF7FEFF 		bl	HAL_GetTick
 495 001c 0646     		mov	r6, r0
 496              	.L63:
 497 001e 2368     		ldr	r3, [r4]
 498 0020 1A68     		ldr	r2, [r3]
 499 0022 12F0020F 		tst	r2, #2
 500 0026 20D1     		bne	.L72
 501 0028 B5F1FF3F 		cmp	r5, #-1
 502 002c F7D0     		beq	.L63
 503 002e B5B9     		cbnz	r5, .L73
 504              	.L64:
 505 0030 2368     		ldr	r3, [r4]
 506 0032 1B68     		ldr	r3, [r3]
 507 0034 13F0020F 		tst	r3, #2
 508 0038 F1D1     		bne	.L63
 509 003a 236C     		ldr	r3, [r4, #64]
 510 003c 43F00403 		orr	r3, r3, #4
 511 0040 2364     		str	r3, [r4, #64]
 512 0042 0023     		movs	r3, #0
 513 0044 84F83C30 		strb	r3, [r4, #60]
 514 0048 0320     		movs	r0, #3
 515 004a 32E0     		b	.L61
 516              	.L71:
 517 004c 036C     		ldr	r3, [r0, #64]
 518 004e 43F02003 		orr	r3, r3, #32
 519 0052 0364     		str	r3, [r0, #64]
 520 0054 0023     		movs	r3, #0
 521 0056 80F83C30 		strb	r3, [r0, #60]
 522 005a 0120     		movs	r0, #1
 523 005c 29E0     		b	.L61
 524              	.L73:
 525 005e FFF7FEFF 		bl	HAL_GetTick
 526 0062 801B     		subs	r0, r0, r6
 527 0064 A842     		cmp	r0, r5
 528 0066 DAD9     		bls	.L63
ARM GAS  C:\Users\PNGUBO~1\AppData\Local\Temp\ccFZcKRl.s 			page 10


 529 0068 E2E7     		b	.L64
 530              	.L72:
 531 006a 6FF01202 		mvn	r2, #18
 532 006e 1A60     		str	r2, [r3]
 533 0070 236C     		ldr	r3, [r4, #64]
 534 0072 43F40073 		orr	r3, r3, #512
 535 0076 2364     		str	r3, [r4, #64]
 536 0078 2368     		ldr	r3, [r4]
 537 007a 9A68     		ldr	r2, [r3, #8]
 538 007c 12F0405F 		tst	r2, #805306368
 539 0080 16D1     		bne	.L68
 540 0082 207E     		ldrb	r0, [r4, #24]	@ zero_extendqisi2
 541 0084 B0B9     		cbnz	r0, .L69
 542 0086 DA6A     		ldr	r2, [r3, #44]
 543 0088 12F4700F 		tst	r2, #15728640
 544 008c 03D0     		beq	.L67
 545 008e 9B68     		ldr	r3, [r3, #8]
 546 0090 13F4806F 		tst	r3, #1024
 547 0094 0DD1     		bne	.L61
 548              	.L67:
 549 0096 236C     		ldr	r3, [r4, #64]
 550 0098 23F48073 		bic	r3, r3, #256
 551 009c 2364     		str	r3, [r4, #64]
 552 009e 236C     		ldr	r3, [r4, #64]
 553 00a0 13F4805F 		tst	r3, #4096
 554 00a4 05D1     		bne	.L61
 555 00a6 236C     		ldr	r3, [r4, #64]
 556 00a8 43F00103 		orr	r3, r3, #1
 557 00ac 2364     		str	r3, [r4, #64]
 558 00ae 00E0     		b	.L61
 559              	.L68:
 560 00b0 0020     		movs	r0, #0
 561              	.L61:
 562 00b2 70BD     		pop	{r4, r5, r6, pc}
 563              	.L69:
 564 00b4 0020     		movs	r0, #0
 565 00b6 FCE7     		b	.L61
 567              		.section	.text.HAL_ADC_PollForEvent,"ax",%progbits
 568              		.align	1
 569              		.global	HAL_ADC_PollForEvent
 570              		.syntax unified
 571              		.thumb
 572              		.thumb_func
 574              	HAL_ADC_PollForEvent:
 575              		@ args = 0, pretend = 0, frame = 0
 576              		@ frame_needed = 0, uses_anonymous_args = 0
 577 0000 2DE9F041 		push	{r4, r5, r6, r7, r8, lr}
 578 0004 0546     		mov	r5, r0
 579 0006 0E46     		mov	r6, r1
 580 0008 1746     		mov	r7, r2
 581 000a FFF7FEFF 		bl	HAL_GetTick
 582 000e 8046     		mov	r8, r0
 583              	.L76:
 584 0010 2C68     		ldr	r4, [r5]
 585 0012 2368     		ldr	r3, [r4]
 586 0014 36EA0303 		bics	r3, r6, r3
 587 0018 18D0     		beq	.L83
ARM GAS  C:\Users\PNGUBO~1\AppData\Local\Temp\ccFZcKRl.s 			page 11


 588 001a B7F1FF3F 		cmp	r7, #-1
 589 001e F7D0     		beq	.L76
 590 0020 6FB9     		cbnz	r7, .L84
 591              	.L77:
 592 0022 2B68     		ldr	r3, [r5]
 593 0024 1B68     		ldr	r3, [r3]
 594 0026 36EA0303 		bics	r3, r6, r3
 595 002a F1D0     		beq	.L76
 596 002c 2B6C     		ldr	r3, [r5, #64]
 597 002e 43F00403 		orr	r3, r3, #4
 598 0032 2B64     		str	r3, [r5, #64]
 599 0034 0023     		movs	r3, #0
 600 0036 85F83C30 		strb	r3, [r5, #60]
 601 003a 0320     		movs	r0, #3
 602 003c 14E0     		b	.L79
 603              	.L84:
 604 003e FFF7FEFF 		bl	HAL_GetTick
 605 0042 A0EB0800 		sub	r0, r0, r8
 606 0046 B842     		cmp	r0, r7
 607 0048 E2D9     		bls	.L76
 608 004a EAE7     		b	.L77
 609              	.L83:
 610 004c 012E     		cmp	r6, #1
 611 004e 0DD0     		beq	.L85
 612 0050 2B6C     		ldr	r3, [r5, #64]
 613 0052 43F48063 		orr	r3, r3, #1024
 614 0056 2B64     		str	r3, [r5, #64]
 615 0058 6B6C     		ldr	r3, [r5, #68]
 616 005a 43F00203 		orr	r3, r3, #2
 617 005e 6B64     		str	r3, [r5, #68]
 618 0060 6FF02003 		mvn	r3, #32
 619 0064 2360     		str	r3, [r4]
 620 0066 0020     		movs	r0, #0
 621              	.L79:
 622 0068 BDE8F081 		pop	{r4, r5, r6, r7, r8, pc}
 623              	.L85:
 624 006c 2B6C     		ldr	r3, [r5, #64]
 625 006e 43F48033 		orr	r3, r3, #65536
 626 0072 2B64     		str	r3, [r5, #64]
 627 0074 6FF00103 		mvn	r3, #1
 628 0078 2360     		str	r3, [r4]
 629 007a 0020     		movs	r0, #0
 630 007c F4E7     		b	.L79
 632              		.section	.text.HAL_ADC_Start_IT,"ax",%progbits
 633              		.align	1
 634              		.global	HAL_ADC_Start_IT
 635              		.syntax unified
 636              		.thumb
 637              		.thumb_func
 639              	HAL_ADC_Start_IT:
 640              		@ args = 0, pretend = 0, frame = 8
 641              		@ frame_needed = 0, uses_anonymous_args = 0
 642              		@ link register save eliminated.
 643 0000 82B0     		sub	sp, sp, #8
 644 0002 0023     		movs	r3, #0
 645 0004 0193     		str	r3, [sp, #4]
 646 0006 90F83C30 		ldrb	r3, [r0, #60]	@ zero_extendqisi2
ARM GAS  C:\Users\PNGUBO~1\AppData\Local\Temp\ccFZcKRl.s 			page 12


 647 000a 012B     		cmp	r3, #1
 648 000c 00F09080 		beq	.L98
 649 0010 0123     		movs	r3, #1
 650 0012 80F83C30 		strb	r3, [r0, #60]
 651 0016 0368     		ldr	r3, [r0]
 652 0018 9A68     		ldr	r2, [r3, #8]
 653 001a 12F0010F 		tst	r2, #1
 654 001e 13D1     		bne	.L88
 655 0020 9A68     		ldr	r2, [r3, #8]
 656 0022 42F00102 		orr	r2, r2, #1
 657 0026 9A60     		str	r2, [r3, #8]
 658 0028 444B     		ldr	r3, .L108
 659 002a 1B68     		ldr	r3, [r3]
 660 002c 444A     		ldr	r2, .L108+4
 661 002e A2FB0323 		umull	r2, r3, r2, r3
 662 0032 9B0C     		lsrs	r3, r3, #18
 663 0034 03EB4303 		add	r3, r3, r3, lsl #1
 664 0038 0193     		str	r3, [sp, #4]
 665 003a 02E0     		b	.L89
 666              	.L90:
 667 003c 019B     		ldr	r3, [sp, #4]
 668 003e 013B     		subs	r3, r3, #1
 669 0040 0193     		str	r3, [sp, #4]
 670              	.L89:
 671 0042 019B     		ldr	r3, [sp, #4]
 672 0044 002B     		cmp	r3, #0
 673 0046 F9D1     		bne	.L90
 674              	.L88:
 675 0048 0268     		ldr	r2, [r0]
 676 004a 9368     		ldr	r3, [r2, #8]
 677 004c 13F0010F 		tst	r3, #1
 678 0050 63D0     		beq	.L91
 679 0052 036C     		ldr	r3, [r0, #64]
 680 0054 23F4E063 		bic	r3, r3, #1792
 681 0058 23F00103 		bic	r3, r3, #1
 682 005c 43F48073 		orr	r3, r3, #256
 683 0060 0364     		str	r3, [r0, #64]
 684 0062 5368     		ldr	r3, [r2, #4]
 685 0064 13F4806F 		tst	r3, #1024
 686 0068 05D0     		beq	.L92
 687 006a 036C     		ldr	r3, [r0, #64]
 688 006c 23F44053 		bic	r3, r3, #12288
 689 0070 43F48053 		orr	r3, r3, #4096
 690 0074 0364     		str	r3, [r0, #64]
 691              	.L92:
 692 0076 036C     		ldr	r3, [r0, #64]
 693 0078 13F4805F 		tst	r3, #4096
 694 007c 22D0     		beq	.L93
 695 007e 436C     		ldr	r3, [r0, #68]
 696 0080 23F00603 		bic	r3, r3, #6
 697 0084 4364     		str	r3, [r0, #68]
 698              	.L94:
 699 0086 0023     		movs	r3, #0
 700 0088 80F83C30 		strb	r3, [r0, #60]
 701 008c 6FF02203 		mvn	r3, #34
 702 0090 1360     		str	r3, [r2]
 703 0092 0268     		ldr	r2, [r0]
ARM GAS  C:\Users\PNGUBO~1\AppData\Local\Temp\ccFZcKRl.s 			page 13


 704 0094 5368     		ldr	r3, [r2, #4]
 705 0096 43F08063 		orr	r3, r3, #67108864
 706 009a 43F02003 		orr	r3, r3, #32
 707 009e 5360     		str	r3, [r2, #4]
 708 00a0 284B     		ldr	r3, .L108+8
 709 00a2 5B68     		ldr	r3, [r3, #4]
 710 00a4 13F01F0F 		tst	r3, #31
 711 00a8 27D1     		bne	.L95
 712 00aa 0368     		ldr	r3, [r0]
 713 00ac 264A     		ldr	r2, .L108+12
 714 00ae 9342     		cmp	r3, r2
 715 00b0 11D0     		beq	.L96
 716 00b2 02F58072 		add	r2, r2, #256
 717 00b6 9342     		cmp	r3, r2
 718 00b8 07D0     		beq	.L105
 719              	.L97:
 720 00ba 244A     		ldr	r2, .L108+16
 721 00bc 9342     		cmp	r3, r2
 722 00be 14D0     		beq	.L106
 723 00c0 0020     		movs	r0, #0
 724 00c2 33E0     		b	.L87
 725              	.L93:
 726 00c4 0023     		movs	r3, #0
 727 00c6 4364     		str	r3, [r0, #68]
 728 00c8 DDE7     		b	.L94
 729              	.L105:
 730 00ca 02F50072 		add	r2, r2, #512
 731 00ce 5268     		ldr	r2, [r2, #4]
 732 00d0 12F01F0F 		tst	r2, #31
 733 00d4 F1D1     		bne	.L97
 734              	.L96:
 735 00d6 9A68     		ldr	r2, [r3, #8]
 736 00d8 12F0405F 		tst	r2, #805306368
 737 00dc 2AD1     		bne	.L101
 738 00de 9A68     		ldr	r2, [r3, #8]
 739 00e0 42F08042 		orr	r2, r2, #1073741824
 740 00e4 9A60     		str	r2, [r3, #8]
 741 00e6 0020     		movs	r0, #0
 742 00e8 20E0     		b	.L87
 743              	.L106:
 744 00ea 02F58072 		add	r2, r2, #256
 745 00ee 5268     		ldr	r2, [r2, #4]
 746 00f0 12F0100F 		tst	r2, #16
 747 00f4 EFD0     		beq	.L96
 748 00f6 0020     		movs	r0, #0
 749 00f8 18E0     		b	.L87
 750              	.L95:
 751 00fa 0368     		ldr	r3, [r0]
 752 00fc 124A     		ldr	r2, .L108+12
 753 00fe 9342     		cmp	r3, r2
 754 0100 01D0     		beq	.L107
 755 0102 0020     		movs	r0, #0
 756 0104 12E0     		b	.L87
 757              	.L107:
 758 0106 9A68     		ldr	r2, [r3, #8]
 759 0108 12F0405F 		tst	r2, #805306368
 760 010c 14D1     		bne	.L103
ARM GAS  C:\Users\PNGUBO~1\AppData\Local\Temp\ccFZcKRl.s 			page 14


 761 010e 9A68     		ldr	r2, [r3, #8]
 762 0110 42F08042 		orr	r2, r2, #1073741824
 763 0114 9A60     		str	r2, [r3, #8]
 764 0116 0020     		movs	r0, #0
 765 0118 08E0     		b	.L87
 766              	.L91:
 767 011a 036C     		ldr	r3, [r0, #64]
 768 011c 43F01003 		orr	r3, r3, #16
 769 0120 0364     		str	r3, [r0, #64]
 770 0122 436C     		ldr	r3, [r0, #68]
 771 0124 43F00103 		orr	r3, r3, #1
 772 0128 4364     		str	r3, [r0, #68]
 773 012a 0020     		movs	r0, #0
 774              	.L87:
 775 012c 02B0     		add	sp, sp, #8
 776              		@ sp needed
 777 012e 7047     		bx	lr
 778              	.L98:
 779 0130 0220     		movs	r0, #2
 780 0132 FBE7     		b	.L87
 781              	.L101:
 782 0134 0020     		movs	r0, #0
 783 0136 F9E7     		b	.L87
 784              	.L103:
 785 0138 0020     		movs	r0, #0
 786 013a F7E7     		b	.L87
 787              	.L109:
 788              		.align	2
 789              	.L108:
 790 013c 00000000 		.word	SystemCoreClock
 791 0140 83DE1B43 		.word	1125899907
 792 0144 00230140 		.word	1073816320
 793 0148 00200140 		.word	1073815552
 794 014c 00220140 		.word	1073816064
 796              		.section	.text.HAL_ADC_Stop_IT,"ax",%progbits
 797              		.align	1
 798              		.global	HAL_ADC_Stop_IT
 799              		.syntax unified
 800              		.thumb
 801              		.thumb_func
 803              	HAL_ADC_Stop_IT:
 804              		@ args = 0, pretend = 0, frame = 0
 805              		@ frame_needed = 0, uses_anonymous_args = 0
 806              		@ link register save eliminated.
 807 0000 90F83C30 		ldrb	r3, [r0, #60]	@ zero_extendqisi2
 808 0004 012B     		cmp	r3, #1
 809 0006 1FD0     		beq	.L113
 810 0008 0123     		movs	r3, #1
 811 000a 80F83C30 		strb	r3, [r0, #60]
 812 000e 0268     		ldr	r2, [r0]
 813 0010 9368     		ldr	r3, [r2, #8]
 814 0012 23F00103 		bic	r3, r3, #1
 815 0016 9360     		str	r3, [r2, #8]
 816 0018 0368     		ldr	r3, [r0]
 817 001a 9A68     		ldr	r2, [r3, #8]
 818 001c 12F0010F 		tst	r2, #1
 819 0020 0DD1     		bne	.L112
ARM GAS  C:\Users\PNGUBO~1\AppData\Local\Temp\ccFZcKRl.s 			page 15


 820 0022 5A68     		ldr	r2, [r3, #4]
 821 0024 22F08062 		bic	r2, r2, #67108864
 822 0028 22F02002 		bic	r2, r2, #32
 823 002c 5A60     		str	r2, [r3, #4]
 824 002e 036C     		ldr	r3, [r0, #64]
 825 0030 23F48853 		bic	r3, r3, #4352
 826 0034 23F00103 		bic	r3, r3, #1
 827 0038 43F00103 		orr	r3, r3, #1
 828 003c 0364     		str	r3, [r0, #64]
 829              	.L112:
 830 003e 0023     		movs	r3, #0
 831 0040 80F83C30 		strb	r3, [r0, #60]
 832 0044 1846     		mov	r0, r3
 833 0046 7047     		bx	lr
 834              	.L113:
 835 0048 0220     		movs	r0, #2
 836 004a 7047     		bx	lr
 838              		.section	.text.HAL_ADC_Start_DMA,"ax",%progbits
 839              		.align	1
 840              		.global	HAL_ADC_Start_DMA
 841              		.syntax unified
 842              		.thumb
 843              		.thumb_func
 845              	HAL_ADC_Start_DMA:
 846              		@ args = 0, pretend = 0, frame = 8
 847              		@ frame_needed = 0, uses_anonymous_args = 0
 848 0000 10B5     		push	{r4, lr}
 849 0002 82B0     		sub	sp, sp, #8
 850 0004 1346     		mov	r3, r2
 851 0006 0022     		movs	r2, #0
 852 0008 0192     		str	r2, [sp, #4]
 853 000a 90F83C20 		ldrb	r2, [r0, #60]	@ zero_extendqisi2
 854 000e 012A     		cmp	r2, #1
 855 0010 00F0A780 		beq	.L127
 856 0014 0446     		mov	r4, r0
 857 0016 0122     		movs	r2, #1
 858 0018 80F83C20 		strb	r2, [r0, #60]
 859 001c 0268     		ldr	r2, [r0]
 860 001e 9068     		ldr	r0, [r2, #8]
 861 0020 10F0010F 		tst	r0, #1
 862 0024 13D1     		bne	.L116
 863 0026 9068     		ldr	r0, [r2, #8]
 864 0028 40F00100 		orr	r0, r0, #1
 865 002c 9060     		str	r0, [r2, #8]
 866 002e 4E4A     		ldr	r2, .L130
 867 0030 1068     		ldr	r0, [r2]
 868 0032 4E4A     		ldr	r2, .L130+4
 869 0034 A2FB0020 		umull	r2, r0, r2, r0
 870 0038 800C     		lsrs	r0, r0, #18
 871 003a 00EB4000 		add	r0, r0, r0, lsl #1
 872 003e 0190     		str	r0, [sp, #4]
 873 0040 02E0     		b	.L117
 874              	.L118:
 875 0042 0198     		ldr	r0, [sp, #4]
 876 0044 0138     		subs	r0, r0, #1
 877 0046 0190     		str	r0, [sp, #4]
 878              	.L117:
ARM GAS  C:\Users\PNGUBO~1\AppData\Local\Temp\ccFZcKRl.s 			page 16


 879 0048 0198     		ldr	r0, [sp, #4]
 880 004a 0028     		cmp	r0, #0
 881 004c F9D1     		bne	.L118
 882              	.L116:
 883 004e 2268     		ldr	r2, [r4]
 884 0050 9068     		ldr	r0, [r2, #8]
 885 0052 10F4807F 		tst	r0, #256
 886 0056 03D0     		beq	.L119
 887 0058 9068     		ldr	r0, [r2, #8]
 888 005a 20F48070 		bic	r0, r0, #256
 889 005e 9060     		str	r0, [r2, #8]
 890              	.L119:
 891 0060 2268     		ldr	r2, [r4]
 892 0062 9068     		ldr	r0, [r2, #8]
 893 0064 10F0010F 		tst	r0, #1
 894 0068 70D0     		beq	.L120
 895 006a 206C     		ldr	r0, [r4, #64]
 896 006c 20F4E060 		bic	r0, r0, #1792
 897 0070 20F00100 		bic	r0, r0, #1
 898 0074 40F48070 		orr	r0, r0, #256
 899 0078 2064     		str	r0, [r4, #64]
 900 007a 5268     		ldr	r2, [r2, #4]
 901 007c 12F4806F 		tst	r2, #1024
 902 0080 05D0     		beq	.L121
 903 0082 226C     		ldr	r2, [r4, #64]
 904 0084 22F44052 		bic	r2, r2, #12288
 905 0088 42F48052 		orr	r2, r2, #4096
 906 008c 2264     		str	r2, [r4, #64]
 907              	.L121:
 908 008e 226C     		ldr	r2, [r4, #64]
 909 0090 12F4805F 		tst	r2, #4096
 910 0094 3BD0     		beq	.L122
 911 0096 626C     		ldr	r2, [r4, #68]
 912 0098 22F00602 		bic	r2, r2, #6
 913 009c 6264     		str	r2, [r4, #68]
 914              	.L123:
 915 009e 0022     		movs	r2, #0
 916 00a0 84F83C20 		strb	r2, [r4, #60]
 917 00a4 A26B     		ldr	r2, [r4, #56]
 918 00a6 3248     		ldr	r0, .L130+8
 919 00a8 D063     		str	r0, [r2, #60]
 920 00aa A26B     		ldr	r2, [r4, #56]
 921 00ac 3148     		ldr	r0, .L130+12
 922 00ae 1064     		str	r0, [r2, #64]
 923 00b0 A26B     		ldr	r2, [r4, #56]
 924 00b2 3148     		ldr	r0, .L130+16
 925 00b4 D064     		str	r0, [r2, #76]
 926 00b6 2268     		ldr	r2, [r4]
 927 00b8 6FF02200 		mvn	r0, #34
 928 00bc 1060     		str	r0, [r2]
 929 00be 2068     		ldr	r0, [r4]
 930 00c0 4268     		ldr	r2, [r0, #4]
 931 00c2 42F08062 		orr	r2, r2, #67108864
 932 00c6 4260     		str	r2, [r0, #4]
 933 00c8 2068     		ldr	r0, [r4]
 934 00ca 8268     		ldr	r2, [r0, #8]
 935 00cc 42F48072 		orr	r2, r2, #256
ARM GAS  C:\Users\PNGUBO~1\AppData\Local\Temp\ccFZcKRl.s 			page 17


 936 00d0 8260     		str	r2, [r0, #8]
 937 00d2 2068     		ldr	r0, [r4]
 938 00d4 0A46     		mov	r2, r1
 939 00d6 00F14C01 		add	r1, r0, #76
 940 00da A06B     		ldr	r0, [r4, #56]
 941 00dc FFF7FEFF 		bl	HAL_DMA_Start_IT
 942 00e0 264B     		ldr	r3, .L130+20
 943 00e2 5B68     		ldr	r3, [r3, #4]
 944 00e4 13F01F0F 		tst	r3, #31
 945 00e8 23D1     		bne	.L124
 946 00ea 2368     		ldr	r3, [r4]
 947 00ec 244A     		ldr	r2, .L130+24
 948 00ee 9342     		cmp	r3, r2
 949 00f0 16D0     		beq	.L125
 950 00f2 02F58072 		add	r2, r2, #256
 951 00f6 9342     		cmp	r3, r2
 952 00f8 0CD0     		beq	.L129
 953              	.L126:
 954 00fa 224A     		ldr	r2, .L130+28
 955 00fc 9342     		cmp	r3, r2
 956 00fe 2ED1     		bne	.L115
 957 0100 02F58072 		add	r2, r2, #256
 958 0104 5268     		ldr	r2, [r2, #4]
 959 0106 12F0100F 		tst	r2, #16
 960 010a 28D1     		bne	.L115
 961 010c 08E0     		b	.L125
 962              	.L122:
 963 010e 0022     		movs	r2, #0
 964 0110 6264     		str	r2, [r4, #68]
 965 0112 C4E7     		b	.L123
 966              	.L129:
 967 0114 02F50072 		add	r2, r2, #512
 968 0118 5268     		ldr	r2, [r2, #4]
 969 011a 12F01F0F 		tst	r2, #31
 970 011e ECD1     		bne	.L126
 971              	.L125:
 972 0120 9A68     		ldr	r2, [r3, #8]
 973 0122 12F0405F 		tst	r2, #805306368
 974 0126 1AD1     		bne	.L115
 975 0128 9A68     		ldr	r2, [r3, #8]
 976 012a 42F08042 		orr	r2, r2, #1073741824
 977 012e 9A60     		str	r2, [r3, #8]
 978 0130 15E0     		b	.L115
 979              	.L124:
 980 0132 2368     		ldr	r3, [r4]
 981 0134 124A     		ldr	r2, .L130+24
 982 0136 9342     		cmp	r3, r2
 983 0138 11D1     		bne	.L115
 984 013a 9A68     		ldr	r2, [r3, #8]
 985 013c 12F0405F 		tst	r2, #805306368
 986 0140 0DD1     		bne	.L115
 987 0142 9A68     		ldr	r2, [r3, #8]
 988 0144 42F08042 		orr	r2, r2, #1073741824
 989 0148 9A60     		str	r2, [r3, #8]
 990 014a 08E0     		b	.L115
 991              	.L120:
 992 014c 236C     		ldr	r3, [r4, #64]
ARM GAS  C:\Users\PNGUBO~1\AppData\Local\Temp\ccFZcKRl.s 			page 18


 993 014e 43F01003 		orr	r3, r3, #16
 994 0152 2364     		str	r3, [r4, #64]
 995 0154 636C     		ldr	r3, [r4, #68]
 996 0156 43F00103 		orr	r3, r3, #1
 997 015a 6364     		str	r3, [r4, #68]
 998 015c 0020     		movs	r0, #0
 999              	.L115:
 1000 015e 02B0     		add	sp, sp, #8
 1001              		@ sp needed
 1002 0160 10BD     		pop	{r4, pc}
 1003              	.L127:
 1004 0162 0220     		movs	r0, #2
 1005 0164 FBE7     		b	.L115
 1006              	.L131:
 1007 0166 00BF     		.align	2
 1008              	.L130:
 1009 0168 00000000 		.word	SystemCoreClock
 1010 016c 83DE1B43 		.word	1125899907
 1011 0170 00000000 		.word	ADC_DMAConvCplt
 1012 0174 00000000 		.word	ADC_DMAHalfConvCplt
 1013 0178 00000000 		.word	ADC_DMAError
 1014 017c 00230140 		.word	1073816320
 1015 0180 00200140 		.word	1073815552
 1016 0184 00220140 		.word	1073816064
 1018              		.section	.text.HAL_ADC_Stop_DMA,"ax",%progbits
 1019              		.align	1
 1020              		.global	HAL_ADC_Stop_DMA
 1021              		.syntax unified
 1022              		.thumb
 1023              		.thumb_func
 1025              	HAL_ADC_Stop_DMA:
 1026              		@ args = 0, pretend = 0, frame = 0
 1027              		@ frame_needed = 0, uses_anonymous_args = 0
 1028 0000 90F83C30 		ldrb	r3, [r0, #60]	@ zero_extendqisi2
 1029 0004 012B     		cmp	r3, #1
 1030 0006 34D0     		beq	.L136
 1031 0008 10B5     		push	{r4, lr}
 1032 000a 0446     		mov	r4, r0
 1033 000c 0123     		movs	r3, #1
 1034 000e 80F83C30 		strb	r3, [r0, #60]
 1035 0012 0268     		ldr	r2, [r0]
 1036 0014 9368     		ldr	r3, [r2, #8]
 1037 0016 23F00103 		bic	r3, r3, #1
 1038 001a 9360     		str	r3, [r2, #8]
 1039 001c 0368     		ldr	r3, [r0]
 1040 001e 9A68     		ldr	r2, [r3, #8]
 1041 0020 12F0010F 		tst	r2, #1
 1042 0024 23D1     		bne	.L137
 1043 0026 9A68     		ldr	r2, [r3, #8]
 1044 0028 22F48072 		bic	r2, r2, #256
 1045 002c 9A60     		str	r2, [r3, #8]
 1046 002e 806B     		ldr	r0, [r0, #56]
 1047 0030 90F83530 		ldrb	r3, [r0, #53]	@ zero_extendqisi2
 1048 0034 022B     		cmp	r3, #2
 1049 0036 11D0     		beq	.L143
 1050 0038 0020     		movs	r0, #0
 1051              	.L135:
ARM GAS  C:\Users\PNGUBO~1\AppData\Local\Temp\ccFZcKRl.s 			page 19


 1052 003a 2268     		ldr	r2, [r4]
 1053 003c 5368     		ldr	r3, [r2, #4]
 1054 003e 23F08063 		bic	r3, r3, #67108864
 1055 0042 5360     		str	r3, [r2, #4]
 1056 0044 236C     		ldr	r3, [r4, #64]
 1057 0046 23F48853 		bic	r3, r3, #4352
 1058 004a 23F00103 		bic	r3, r3, #1
 1059 004e 43F00103 		orr	r3, r3, #1
 1060 0052 2364     		str	r3, [r4, #64]
 1061              	.L134:
 1062 0054 0023     		movs	r3, #0
 1063 0056 84F83C30 		strb	r3, [r4, #60]
 1064 005a 10BD     		pop	{r4, pc}
 1065              	.L143:
 1066 005c FFF7FEFF 		bl	HAL_DMA_Abort
 1067 0060 0028     		cmp	r0, #0
 1068 0062 EAD0     		beq	.L135
 1069 0064 236C     		ldr	r3, [r4, #64]
 1070 0066 43F04003 		orr	r3, r3, #64
 1071 006a 2364     		str	r3, [r4, #64]
 1072 006c E5E7     		b	.L135
 1073              	.L137:
 1074 006e 0020     		movs	r0, #0
 1075 0070 F0E7     		b	.L134
 1076              	.L136:
 1077 0072 0220     		movs	r0, #2
 1078 0074 7047     		bx	lr
 1080              		.section	.text.HAL_ADC_GetValue,"ax",%progbits
 1081              		.align	1
 1082              		.global	HAL_ADC_GetValue
 1083              		.syntax unified
 1084              		.thumb
 1085              		.thumb_func
 1087              	HAL_ADC_GetValue:
 1088              		@ args = 0, pretend = 0, frame = 0
 1089              		@ frame_needed = 0, uses_anonymous_args = 0
 1090              		@ link register save eliminated.
 1091 0000 0368     		ldr	r3, [r0]
 1092 0002 D86C     		ldr	r0, [r3, #76]
 1093 0004 7047     		bx	lr
 1095              		.section	.text.HAL_ADC_ConvCpltCallback,"ax",%progbits
 1096              		.align	1
 1097              		.weak	HAL_ADC_ConvCpltCallback
 1098              		.syntax unified
 1099              		.thumb
 1100              		.thumb_func
 1102              	HAL_ADC_ConvCpltCallback:
 1103              		@ args = 0, pretend = 0, frame = 0
 1104              		@ frame_needed = 0, uses_anonymous_args = 0
 1105              		@ link register save eliminated.
 1106 0000 7047     		bx	lr
 1108              		.section	.text.HAL_ADC_ConvHalfCpltCallback,"ax",%progbits
 1109              		.align	1
 1110              		.weak	HAL_ADC_ConvHalfCpltCallback
 1111              		.syntax unified
 1112              		.thumb
 1113              		.thumb_func
ARM GAS  C:\Users\PNGUBO~1\AppData\Local\Temp\ccFZcKRl.s 			page 20


 1115              	HAL_ADC_ConvHalfCpltCallback:
 1116              		@ args = 0, pretend = 0, frame = 0
 1117              		@ frame_needed = 0, uses_anonymous_args = 0
 1118              		@ link register save eliminated.
 1119 0000 7047     		bx	lr
 1121              		.section	.text.ADC_DMAHalfConvCplt,"ax",%progbits
 1122              		.align	1
 1123              		.syntax unified
 1124              		.thumb
 1125              		.thumb_func
 1127              	ADC_DMAHalfConvCplt:
 1128              		@ args = 0, pretend = 0, frame = 0
 1129              		@ frame_needed = 0, uses_anonymous_args = 0
 1130 0000 08B5     		push	{r3, lr}
 1131 0002 806B     		ldr	r0, [r0, #56]
 1132 0004 FFF7FEFF 		bl	HAL_ADC_ConvHalfCpltCallback
 1133 0008 08BD     		pop	{r3, pc}
 1135              		.section	.text.HAL_ADC_LevelOutOfWindowCallback,"ax",%progbits
 1136              		.align	1
 1137              		.weak	HAL_ADC_LevelOutOfWindowCallback
 1138              		.syntax unified
 1139              		.thumb
 1140              		.thumb_func
 1142              	HAL_ADC_LevelOutOfWindowCallback:
 1143              		@ args = 0, pretend = 0, frame = 0
 1144              		@ frame_needed = 0, uses_anonymous_args = 0
 1145              		@ link register save eliminated.
 1146 0000 7047     		bx	lr
 1148              		.section	.text.HAL_ADC_ErrorCallback,"ax",%progbits
 1149              		.align	1
 1150              		.weak	HAL_ADC_ErrorCallback
 1151              		.syntax unified
 1152              		.thumb
 1153              		.thumb_func
 1155              	HAL_ADC_ErrorCallback:
 1156              		@ args = 0, pretend = 0, frame = 0
 1157              		@ frame_needed = 0, uses_anonymous_args = 0
 1158              		@ link register save eliminated.
 1159 0000 7047     		bx	lr
 1161              		.section	.text.HAL_ADC_IRQHandler,"ax",%progbits
 1162              		.align	1
 1163              		.global	HAL_ADC_IRQHandler
 1164              		.syntax unified
 1165              		.thumb
 1166              		.thumb_func
 1168              	HAL_ADC_IRQHandler:
 1169              		@ args = 0, pretend = 0, frame = 0
 1170              		@ frame_needed = 0, uses_anonymous_args = 0
 1171 0000 70B5     		push	{r4, r5, r6, lr}
 1172 0002 0446     		mov	r4, r0
 1173 0004 0368     		ldr	r3, [r0]
 1174 0006 1E68     		ldr	r6, [r3]
 1175 0008 5D68     		ldr	r5, [r3, #4]
 1176 000a 16F0020F 		tst	r6, #2
 1177 000e 2FD0     		beq	.L152
 1178 0010 05F02002 		and	r2, r5, #32
 1179 0014 62B3     		cbz	r2, .L152
ARM GAS  C:\Users\PNGUBO~1\AppData\Local\Temp\ccFZcKRl.s 			page 21


 1180 0016 026C     		ldr	r2, [r0, #64]
 1181 0018 12F0100F 		tst	r2, #16
 1182 001c 03D1     		bne	.L153
 1183 001e 026C     		ldr	r2, [r0, #64]
 1184 0020 42F40072 		orr	r2, r2, #512
 1185 0024 0264     		str	r2, [r0, #64]
 1186              	.L153:
 1187 0026 9A68     		ldr	r2, [r3, #8]
 1188 0028 12F0405F 		tst	r2, #805306368
 1189 002c 19D1     		bne	.L154
 1190 002e 227E     		ldrb	r2, [r4, #24]	@ zero_extendqisi2
 1191 0030 BAB9     		cbnz	r2, .L154
 1192 0032 DA6A     		ldr	r2, [r3, #44]
 1193 0034 12F4700F 		tst	r2, #15728640
 1194 0038 03D0     		beq	.L155
 1195 003a 9A68     		ldr	r2, [r3, #8]
 1196 003c 12F4806F 		tst	r2, #1024
 1197 0040 0FD1     		bne	.L154
 1198              	.L155:
 1199 0042 5A68     		ldr	r2, [r3, #4]
 1200 0044 22F02002 		bic	r2, r2, #32
 1201 0048 5A60     		str	r2, [r3, #4]
 1202 004a 236C     		ldr	r3, [r4, #64]
 1203 004c 23F48073 		bic	r3, r3, #256
 1204 0050 2364     		str	r3, [r4, #64]
 1205 0052 236C     		ldr	r3, [r4, #64]
 1206 0054 13F4805F 		tst	r3, #4096
 1207 0058 03D1     		bne	.L154
 1208 005a 236C     		ldr	r3, [r4, #64]
 1209 005c 43F00103 		orr	r3, r3, #1
 1210 0060 2364     		str	r3, [r4, #64]
 1211              	.L154:
 1212 0062 2046     		mov	r0, r4
 1213 0064 FFF7FEFF 		bl	HAL_ADC_ConvCpltCallback
 1214 0068 2368     		ldr	r3, [r4]
 1215 006a 6FF01202 		mvn	r2, #18
 1216 006e 1A60     		str	r2, [r3]
 1217              	.L152:
 1218 0070 05F08003 		and	r3, r5, #128
 1219 0074 16F0040F 		tst	r6, #4
 1220 0078 37D0     		beq	.L156
 1221 007a 002B     		cmp	r3, #0
 1222 007c 35D0     		beq	.L156
 1223 007e 236C     		ldr	r3, [r4, #64]
 1224 0080 13F0100F 		tst	r3, #16
 1225 0084 03D1     		bne	.L157
 1226 0086 236C     		ldr	r3, [r4, #64]
 1227 0088 43F40053 		orr	r3, r3, #8192
 1228 008c 2364     		str	r3, [r4, #64]
 1229              	.L157:
 1230 008e 2368     		ldr	r3, [r4]
 1231 0090 9A68     		ldr	r2, [r3, #8]
 1232 0092 12F4401F 		tst	r2, #3145728
 1233 0096 21D1     		bne	.L158
 1234 0098 9A6B     		ldr	r2, [r3, #56]
 1235 009a 12F4401F 		tst	r2, #3145728
 1236 009e 03D0     		beq	.L159
ARM GAS  C:\Users\PNGUBO~1\AppData\Local\Temp\ccFZcKRl.s 			page 22


 1237 00a0 9A68     		ldr	r2, [r3, #8]
 1238 00a2 12F4806F 		tst	r2, #1024
 1239 00a6 19D1     		bne	.L158
 1240              	.L159:
 1241 00a8 5A68     		ldr	r2, [r3, #4]
 1242 00aa 12F4806F 		tst	r2, #1024
 1243 00ae 15D1     		bne	.L158
 1244 00b0 9A68     		ldr	r2, [r3, #8]
 1245 00b2 12F0405F 		tst	r2, #805306368
 1246 00b6 11D1     		bne	.L158
 1247 00b8 227E     		ldrb	r2, [r4, #24]	@ zero_extendqisi2
 1248 00ba 7AB9     		cbnz	r2, .L158
 1249 00bc 5A68     		ldr	r2, [r3, #4]
 1250 00be 22F08002 		bic	r2, r2, #128
 1251 00c2 5A60     		str	r2, [r3, #4]
 1252 00c4 236C     		ldr	r3, [r4, #64]
 1253 00c6 23F48053 		bic	r3, r3, #4096
 1254 00ca 2364     		str	r3, [r4, #64]
 1255 00cc 236C     		ldr	r3, [r4, #64]
 1256 00ce 13F4807F 		tst	r3, #256
 1257 00d2 03D1     		bne	.L158
 1258 00d4 236C     		ldr	r3, [r4, #64]
 1259 00d6 43F00103 		orr	r3, r3, #1
 1260 00da 2364     		str	r3, [r4, #64]
 1261              	.L158:
 1262 00dc 2046     		mov	r0, r4
 1263 00de FFF7FEFF 		bl	HAL_ADCEx_InjectedConvCpltCallback
 1264 00e2 2368     		ldr	r3, [r4]
 1265 00e4 6FF00C02 		mvn	r2, #12
 1266 00e8 1A60     		str	r2, [r3]
 1267              	.L156:
 1268 00ea 05F04003 		and	r3, r5, #64
 1269 00ee 16F0010F 		tst	r6, #1
 1270 00f2 05D0     		beq	.L160
 1271 00f4 23B1     		cbz	r3, .L160
 1272 00f6 2368     		ldr	r3, [r4]
 1273 00f8 1B68     		ldr	r3, [r3]
 1274 00fa 13F0010F 		tst	r3, #1
 1275 00fe 06D1     		bne	.L163
 1276              	.L160:
 1277 0100 05F08065 		and	r5, r5, #67108864
 1278 0104 16F0200F 		tst	r6, #32
 1279 0108 00D0     		beq	.L151
 1280 010a 65B9     		cbnz	r5, .L164
 1281              	.L151:
 1282 010c 70BD     		pop	{r4, r5, r6, pc}
 1283              	.L163:
 1284 010e 236C     		ldr	r3, [r4, #64]
 1285 0110 43F48033 		orr	r3, r3, #65536
 1286 0114 2364     		str	r3, [r4, #64]
 1287 0116 2046     		mov	r0, r4
 1288 0118 FFF7FEFF 		bl	HAL_ADC_LevelOutOfWindowCallback
 1289 011c 2368     		ldr	r3, [r4]
 1290 011e 6FF00102 		mvn	r2, #1
 1291 0122 1A60     		str	r2, [r3]
 1292 0124 ECE7     		b	.L160
 1293              	.L164:
ARM GAS  C:\Users\PNGUBO~1\AppData\Local\Temp\ccFZcKRl.s 			page 23


 1294 0126 636C     		ldr	r3, [r4, #68]
 1295 0128 43F00203 		orr	r3, r3, #2
 1296 012c 6364     		str	r3, [r4, #68]
 1297 012e 2368     		ldr	r3, [r4]
 1298 0130 6FF02005 		mvn	r5, #32
 1299 0134 1D60     		str	r5, [r3]
 1300 0136 2046     		mov	r0, r4
 1301 0138 FFF7FEFF 		bl	HAL_ADC_ErrorCallback
 1302 013c 2368     		ldr	r3, [r4]
 1303 013e 1D60     		str	r5, [r3]
 1304 0140 E4E7     		b	.L151
 1306              		.section	.text.ADC_DMAError,"ax",%progbits
 1307              		.align	1
 1308              		.syntax unified
 1309              		.thumb
 1310              		.thumb_func
 1312              	ADC_DMAError:
 1313              		@ args = 0, pretend = 0, frame = 0
 1314              		@ frame_needed = 0, uses_anonymous_args = 0
 1315 0000 08B5     		push	{r3, lr}
 1316 0002 806B     		ldr	r0, [r0, #56]
 1317 0004 4023     		movs	r3, #64
 1318 0006 0364     		str	r3, [r0, #64]
 1319 0008 436C     		ldr	r3, [r0, #68]
 1320 000a 43F00403 		orr	r3, r3, #4
 1321 000e 4364     		str	r3, [r0, #68]
 1322 0010 FFF7FEFF 		bl	HAL_ADC_ErrorCallback
 1323 0014 08BD     		pop	{r3, pc}
 1325              		.section	.text.ADC_DMAConvCplt,"ax",%progbits
 1326              		.align	1
 1327              		.syntax unified
 1328              		.thumb
 1329              		.thumb_func
 1331              	ADC_DMAConvCplt:
 1332              		@ args = 0, pretend = 0, frame = 0
 1333              		@ frame_needed = 0, uses_anonymous_args = 0
 1334 0000 08B5     		push	{r3, lr}
 1335 0002 0346     		mov	r3, r0
 1336 0004 806B     		ldr	r0, [r0, #56]
 1337 0006 026C     		ldr	r2, [r0, #64]
 1338 0008 12F0500F 		tst	r2, #80
 1339 000c 25D1     		bne	.L168
 1340 000e 036C     		ldr	r3, [r0, #64]
 1341 0010 43F40073 		orr	r3, r3, #512
 1342 0014 0364     		str	r3, [r0, #64]
 1343 0016 0368     		ldr	r3, [r0]
 1344 0018 9A68     		ldr	r2, [r3, #8]
 1345 001a 12F0405F 		tst	r2, #805306368
 1346 001e 19D1     		bne	.L169
 1347 0020 027E     		ldrb	r2, [r0, #24]	@ zero_extendqisi2
 1348 0022 BAB9     		cbnz	r2, .L169
 1349 0024 DA6A     		ldr	r2, [r3, #44]
 1350 0026 12F4700F 		tst	r2, #15728640
 1351 002a 03D0     		beq	.L170
 1352 002c 9A68     		ldr	r2, [r3, #8]
 1353 002e 12F4806F 		tst	r2, #1024
 1354 0032 0FD1     		bne	.L169
ARM GAS  C:\Users\PNGUBO~1\AppData\Local\Temp\ccFZcKRl.s 			page 24


 1355              	.L170:
 1356 0034 5A68     		ldr	r2, [r3, #4]
 1357 0036 22F02002 		bic	r2, r2, #32
 1358 003a 5A60     		str	r2, [r3, #4]
 1359 003c 036C     		ldr	r3, [r0, #64]
 1360 003e 23F48073 		bic	r3, r3, #256
 1361 0042 0364     		str	r3, [r0, #64]
 1362 0044 036C     		ldr	r3, [r0, #64]
 1363 0046 13F4805F 		tst	r3, #4096
 1364 004a 03D1     		bne	.L169
 1365 004c 036C     		ldr	r3, [r0, #64]
 1366 004e 43F00103 		orr	r3, r3, #1
 1367 0052 0364     		str	r3, [r0, #64]
 1368              	.L169:
 1369 0054 FFF7FEFF 		bl	HAL_ADC_ConvCpltCallback
 1370              	.L167:
 1371 0058 08BD     		pop	{r3, pc}
 1372              	.L168:
 1373 005a 026C     		ldr	r2, [r0, #64]
 1374 005c 12F0100F 		tst	r2, #16
 1375 0060 04D1     		bne	.L174
 1376 0062 826B     		ldr	r2, [r0, #56]
 1377 0064 D26C     		ldr	r2, [r2, #76]
 1378 0066 1846     		mov	r0, r3
 1379 0068 9047     		blx	r2
 1380 006a F5E7     		b	.L167
 1381              	.L174:
 1382 006c FFF7FEFF 		bl	HAL_ADC_ErrorCallback
 1383 0070 F2E7     		b	.L167
 1385              		.section	.text.HAL_ADC_ConfigChannel,"ax",%progbits
 1386              		.align	1
 1387              		.global	HAL_ADC_ConfigChannel
 1388              		.syntax unified
 1389              		.thumb
 1390              		.thumb_func
 1392              	HAL_ADC_ConfigChannel:
 1393              		@ args = 0, pretend = 0, frame = 8
 1394              		@ frame_needed = 0, uses_anonymous_args = 0
 1395              		@ link register save eliminated.
 1396 0000 30B4     		push	{r4, r5}
 1397 0002 82B0     		sub	sp, sp, #8
 1398 0004 0022     		movs	r2, #0
 1399 0006 0192     		str	r2, [sp, #4]
 1400 0008 90F83C20 		ldrb	r2, [r0, #60]	@ zero_extendqisi2
 1401 000c 012A     		cmp	r2, #1
 1402 000e 00F0C080 		beq	.L187
 1403 0012 0346     		mov	r3, r0
 1404 0014 0122     		movs	r2, #1
 1405 0016 80F83C20 		strb	r2, [r0, #60]
 1406 001a 0A68     		ldr	r2, [r1]
 1407 001c 092A     		cmp	r2, #9
 1408 001e 40D9     		bls	.L177
 1409 0020 0468     		ldr	r4, [r0]
 1410 0022 E068     		ldr	r0, [r4, #12]
 1411 0024 92B2     		uxth	r2, r2
 1412 0026 02EB4202 		add	r2, r2, r2, lsl #1
 1413 002a 1E3A     		subs	r2, r2, #30
ARM GAS  C:\Users\PNGUBO~1\AppData\Local\Temp\ccFZcKRl.s 			page 25


 1414 002c 4FF0070C 		mov	ip, #7
 1415 0030 0CFA02F2 		lsl	r2, ip, r2
 1416 0034 20EA0202 		bic	r2, r0, r2
 1417 0038 E260     		str	r2, [r4, #12]
 1418 003a 1C68     		ldr	r4, [r3]
 1419 003c E068     		ldr	r0, [r4, #12]
 1420 003e 0A88     		ldrh	r2, [r1]
 1421 0040 02EB4202 		add	r2, r2, r2, lsl #1
 1422 0044 1E3A     		subs	r2, r2, #30
 1423 0046 8D68     		ldr	r5, [r1, #8]
 1424 0048 05FA02F2 		lsl	r2, r5, r2
 1425 004c 0243     		orrs	r2, r2, r0
 1426 004e E260     		str	r2, [r4, #12]
 1427              	.L178:
 1428 0050 4A68     		ldr	r2, [r1, #4]
 1429 0052 062A     		cmp	r2, #6
 1430 0054 3CD8     		bhi	.L179
 1431 0056 1C68     		ldr	r4, [r3]
 1432 0058 606B     		ldr	r0, [r4, #52]
 1433 005a 02EB8202 		add	r2, r2, r2, lsl #2
 1434 005e 053A     		subs	r2, r2, #5
 1435 0060 4FF01F0C 		mov	ip, #31
 1436 0064 0CFA02F2 		lsl	r2, ip, r2
 1437 0068 20EA0202 		bic	r2, r0, r2
 1438 006c 6263     		str	r2, [r4, #52]
 1439 006e 1C68     		ldr	r4, [r3]
 1440 0070 606B     		ldr	r0, [r4, #52]
 1441 0072 4A68     		ldr	r2, [r1, #4]
 1442 0074 02EB8202 		add	r2, r2, r2, lsl #2
 1443 0078 053A     		subs	r2, r2, #5
 1444 007a B1F800C0 		ldrh	ip, [r1]
 1445 007e 0CFA02F2 		lsl	r2, ip, r2
 1446 0082 0243     		orrs	r2, r2, r0
 1447 0084 6263     		str	r2, [r4, #52]
 1448              	.L180:
 1449 0086 1868     		ldr	r0, [r3]
 1450 0088 434A     		ldr	r2, .L191
 1451 008a 9042     		cmp	r0, r2
 1452 008c 50D0     		beq	.L189
 1453              	.L182:
 1454 008e 1868     		ldr	r0, [r3]
 1455 0090 414A     		ldr	r2, .L191
 1456 0092 9042     		cmp	r0, r2
 1457 0094 59D0     		beq	.L190
 1458              	.L183:
 1459 0096 0020     		movs	r0, #0
 1460 0098 83F83C00 		strb	r0, [r3, #60]
 1461              	.L176:
 1462 009c 02B0     		add	sp, sp, #8
 1463              		@ sp needed
 1464 009e 30BC     		pop	{r4, r5}
 1465 00a0 7047     		bx	lr
 1466              	.L177:
 1467 00a2 0468     		ldr	r4, [r0]
 1468 00a4 2069     		ldr	r0, [r4, #16]
 1469 00a6 92B2     		uxth	r2, r2
 1470 00a8 02EB4202 		add	r2, r2, r2, lsl #1
ARM GAS  C:\Users\PNGUBO~1\AppData\Local\Temp\ccFZcKRl.s 			page 26


 1471 00ac 4FF0070C 		mov	ip, #7
 1472 00b0 0CFA02F2 		lsl	r2, ip, r2
 1473 00b4 20EA0202 		bic	r2, r0, r2
 1474 00b8 2261     		str	r2, [r4, #16]
 1475 00ba 1C68     		ldr	r4, [r3]
 1476 00bc 2069     		ldr	r0, [r4, #16]
 1477 00be 0A88     		ldrh	r2, [r1]
 1478 00c0 02EB4202 		add	r2, r2, r2, lsl #1
 1479 00c4 8D68     		ldr	r5, [r1, #8]
 1480 00c6 05FA02F2 		lsl	r2, r5, r2
 1481 00ca 0243     		orrs	r2, r2, r0
 1482 00cc 2261     		str	r2, [r4, #16]
 1483 00ce BFE7     		b	.L178
 1484              	.L179:
 1485 00d0 0C2A     		cmp	r2, #12
 1486 00d2 16D8     		bhi	.L181
 1487 00d4 1D68     		ldr	r5, [r3]
 1488 00d6 286B     		ldr	r0, [r5, #48]
 1489 00d8 02EB8202 		add	r2, r2, r2, lsl #2
 1490 00dc 233A     		subs	r2, r2, #35
 1491 00de 1F24     		movs	r4, #31
 1492 00e0 04FA02F2 		lsl	r2, r4, r2
 1493 00e4 20EA0202 		bic	r2, r0, r2
 1494 00e8 2A63     		str	r2, [r5, #48]
 1495 00ea 1D68     		ldr	r5, [r3]
 1496 00ec 286B     		ldr	r0, [r5, #48]
 1497 00ee 4A68     		ldr	r2, [r1, #4]
 1498 00f0 02EB8202 		add	r2, r2, r2, lsl #2
 1499 00f4 233A     		subs	r2, r2, #35
 1500 00f6 0C88     		ldrh	r4, [r1]
 1501 00f8 04FA02F2 		lsl	r2, r4, r2
 1502 00fc 0243     		orrs	r2, r2, r0
 1503 00fe 2A63     		str	r2, [r5, #48]
 1504 0100 C1E7     		b	.L180
 1505              	.L181:
 1506 0102 1D68     		ldr	r5, [r3]
 1507 0104 E86A     		ldr	r0, [r5, #44]
 1508 0106 02EB8202 		add	r2, r2, r2, lsl #2
 1509 010a 413A     		subs	r2, r2, #65
 1510 010c 1F24     		movs	r4, #31
 1511 010e 04FA02F2 		lsl	r2, r4, r2
 1512 0112 20EA0202 		bic	r2, r0, r2
 1513 0116 EA62     		str	r2, [r5, #44]
 1514 0118 1D68     		ldr	r5, [r3]
 1515 011a E86A     		ldr	r0, [r5, #44]
 1516 011c 4A68     		ldr	r2, [r1, #4]
 1517 011e 02EB8202 		add	r2, r2, r2, lsl #2
 1518 0122 413A     		subs	r2, r2, #65
 1519 0124 0C88     		ldrh	r4, [r1]
 1520 0126 04FA02F2 		lsl	r2, r4, r2
 1521 012a 0243     		orrs	r2, r2, r0
 1522 012c EA62     		str	r2, [r5, #44]
 1523 012e AAE7     		b	.L180
 1524              	.L189:
 1525 0130 0A68     		ldr	r2, [r1]
 1526 0132 122A     		cmp	r2, #18
 1527 0134 ABD1     		bne	.L182
ARM GAS  C:\Users\PNGUBO~1\AppData\Local\Temp\ccFZcKRl.s 			page 27


 1528 0136 194A     		ldr	r2, .L191+4
 1529 0138 5068     		ldr	r0, [r2, #4]
 1530 013a 20F40000 		bic	r0, r0, #8388608
 1531 013e 5060     		str	r0, [r2, #4]
 1532 0140 5068     		ldr	r0, [r2, #4]
 1533 0142 40F48000 		orr	r0, r0, #4194304
 1534 0146 5060     		str	r0, [r2, #4]
 1535 0148 A1E7     		b	.L182
 1536              	.L190:
 1537 014a 0A68     		ldr	r2, [r1]
 1538 014c 1448     		ldr	r0, .L191+8
 1539 014e 8242     		cmp	r2, r0
 1540 0150 01D0     		beq	.L184
 1541 0152 112A     		cmp	r2, #17
 1542 0154 9FD1     		bne	.L183
 1543              	.L184:
 1544 0156 114A     		ldr	r2, .L191+4
 1545 0158 5068     		ldr	r0, [r2, #4]
 1546 015a 20F48000 		bic	r0, r0, #4194304
 1547 015e 5060     		str	r0, [r2, #4]
 1548 0160 5068     		ldr	r0, [r2, #4]
 1549 0162 40F40000 		orr	r0, r0, #8388608
 1550 0166 5060     		str	r0, [r2, #4]
 1551 0168 0968     		ldr	r1, [r1]
 1552 016a 0D4A     		ldr	r2, .L191+8
 1553 016c 9142     		cmp	r1, r2
 1554 016e 92D1     		bne	.L183
 1555 0170 0C4A     		ldr	r2, .L191+12
 1556 0172 1268     		ldr	r2, [r2]
 1557 0174 0C49     		ldr	r1, .L191+16
 1558 0176 A1FB0212 		umull	r1, r2, r1, r2
 1559 017a 920C     		lsrs	r2, r2, #18
 1560 017c 02EB8202 		add	r2, r2, r2, lsl #2
 1561 0180 5200     		lsls	r2, r2, #1
 1562 0182 0192     		str	r2, [sp, #4]
 1563              	.L185:
 1564 0184 019A     		ldr	r2, [sp, #4]
 1565 0186 002A     		cmp	r2, #0
 1566 0188 85D0     		beq	.L183
 1567 018a 019A     		ldr	r2, [sp, #4]
 1568 018c 013A     		subs	r2, r2, #1
 1569 018e 0192     		str	r2, [sp, #4]
 1570 0190 F8E7     		b	.L185
 1571              	.L187:
 1572 0192 0220     		movs	r0, #2
 1573 0194 82E7     		b	.L176
 1574              	.L192:
 1575 0196 00BF     		.align	2
 1576              	.L191:
 1577 0198 00200140 		.word	1073815552
 1578 019c 00230140 		.word	1073816320
 1579 01a0 12000010 		.word	268435474
 1580 01a4 00000000 		.word	SystemCoreClock
 1581 01a8 83DE1B43 		.word	1125899907
 1583              		.section	.text.HAL_ADC_AnalogWDGConfig,"ax",%progbits
 1584              		.align	1
 1585              		.global	HAL_ADC_AnalogWDGConfig
ARM GAS  C:\Users\PNGUBO~1\AppData\Local\Temp\ccFZcKRl.s 			page 28


 1586              		.syntax unified
 1587              		.thumb
 1588              		.thumb_func
 1590              	HAL_ADC_AnalogWDGConfig:
 1591              		@ args = 0, pretend = 0, frame = 0
 1592              		@ frame_needed = 0, uses_anonymous_args = 0
 1593              		@ link register save eliminated.
 1594 0000 90F83C20 		ldrb	r2, [r0, #60]	@ zero_extendqisi2
 1595 0004 012A     		cmp	r2, #1
 1596 0006 34D0     		beq	.L197
 1597 0008 10B4     		push	{r4}
 1598 000a 0346     		mov	r3, r0
 1599 000c 0122     		movs	r2, #1
 1600 000e 80F83C20 		strb	r2, [r0, #60]
 1601 0012 0A7C     		ldrb	r2, [r1, #16]	@ zero_extendqisi2
 1602 0014 012A     		cmp	r2, #1
 1603 0016 26D0     		beq	.L202
 1604 0018 0068     		ldr	r0, [r0]
 1605 001a 4268     		ldr	r2, [r0, #4]
 1606 001c 22F04002 		bic	r2, r2, #64
 1607 0020 4260     		str	r2, [r0, #4]
 1608              	.L196:
 1609 0022 1868     		ldr	r0, [r3]
 1610 0024 4268     		ldr	r2, [r0, #4]
 1611 0026 22F44002 		bic	r2, r2, #12582912
 1612 002a 22F40072 		bic	r2, r2, #512
 1613 002e 4260     		str	r2, [r0, #4]
 1614 0030 1868     		ldr	r0, [r3]
 1615 0032 4268     		ldr	r2, [r0, #4]
 1616 0034 0C68     		ldr	r4, [r1]
 1617 0036 2243     		orrs	r2, r2, r4
 1618 0038 4260     		str	r2, [r0, #4]
 1619 003a 1A68     		ldr	r2, [r3]
 1620 003c 4868     		ldr	r0, [r1, #4]
 1621 003e 5062     		str	r0, [r2, #36]
 1622 0040 1A68     		ldr	r2, [r3]
 1623 0042 8868     		ldr	r0, [r1, #8]
 1624 0044 9062     		str	r0, [r2, #40]
 1625 0046 1868     		ldr	r0, [r3]
 1626 0048 4268     		ldr	r2, [r0, #4]
 1627 004a 22F01F02 		bic	r2, r2, #31
 1628 004e 4260     		str	r2, [r0, #4]
 1629 0050 1868     		ldr	r0, [r3]
 1630 0052 4468     		ldr	r4, [r0, #4]
 1631 0054 8A89     		ldrh	r2, [r1, #12]
 1632 0056 2243     		orrs	r2, r2, r4
 1633 0058 4260     		str	r2, [r0, #4]
 1634 005a 0020     		movs	r0, #0
 1635 005c 83F83C00 		strb	r0, [r3, #60]
 1636 0060 5DF8044B 		ldr	r4, [sp], #4
 1637 0064 7047     		bx	lr
 1638              	.L202:
 1639 0066 0068     		ldr	r0, [r0]
 1640 0068 4268     		ldr	r2, [r0, #4]
 1641 006a 42F04002 		orr	r2, r2, #64
 1642 006e 4260     		str	r2, [r0, #4]
 1643 0070 D7E7     		b	.L196
ARM GAS  C:\Users\PNGUBO~1\AppData\Local\Temp\ccFZcKRl.s 			page 29


 1644              	.L197:
 1645 0072 0220     		movs	r0, #2
 1646 0074 7047     		bx	lr
 1648              		.section	.text.HAL_ADC_GetState,"ax",%progbits
 1649              		.align	1
 1650              		.global	HAL_ADC_GetState
 1651              		.syntax unified
 1652              		.thumb
 1653              		.thumb_func
 1655              	HAL_ADC_GetState:
 1656              		@ args = 0, pretend = 0, frame = 0
 1657              		@ frame_needed = 0, uses_anonymous_args = 0
 1658              		@ link register save eliminated.
 1659 0000 006C     		ldr	r0, [r0, #64]
 1660 0002 7047     		bx	lr
 1662              		.section	.text.HAL_ADC_GetError,"ax",%progbits
 1663              		.align	1
 1664              		.global	HAL_ADC_GetError
 1665              		.syntax unified
 1666              		.thumb
 1667              		.thumb_func
 1669              	HAL_ADC_GetError:
 1670              		@ args = 0, pretend = 0, frame = 0
 1671              		@ frame_needed = 0, uses_anonymous_args = 0
 1672              		@ link register save eliminated.
 1673 0000 406C     		ldr	r0, [r0, #68]
 1674 0002 7047     		bx	lr
 1676              		.ident	"GCC: (xPack GNU Arm Embedded GCC x86_64) 14.2.1 20241119"
ARM GAS  C:\Users\PNGUBO~1\AppData\Local\Temp\ccFZcKRl.s 			page 30


DEFINED SYMBOLS
                            *ABS*:00000000 stm32f4xx_hal_adc.c
C:\Users\PNGUBO~1\AppData\Local\Temp\ccFZcKRl.s:18     .text.ADC_Init:00000000 $t
C:\Users\PNGUBO~1\AppData\Local\Temp\ccFZcKRl.s:23     .text.ADC_Init:00000000 ADC_Init
C:\Users\PNGUBO~1\AppData\Local\Temp\ccFZcKRl.s:160    .text.ADC_Init:0000012c $d
C:\Users\PNGUBO~1\AppData\Local\Temp\ccFZcKRl.s:164    .text.HAL_ADC_MspInit:00000000 $t
C:\Users\PNGUBO~1\AppData\Local\Temp\ccFZcKRl.s:170    .text.HAL_ADC_MspInit:00000000 HAL_ADC_MspInit
C:\Users\PNGUBO~1\AppData\Local\Temp\ccFZcKRl.s:177    .text.HAL_ADC_Init:00000000 $t
C:\Users\PNGUBO~1\AppData\Local\Temp\ccFZcKRl.s:183    .text.HAL_ADC_Init:00000000 HAL_ADC_Init
C:\Users\PNGUBO~1\AppData\Local\Temp\ccFZcKRl.s:226    .text.HAL_ADC_MspDeInit:00000000 $t
C:\Users\PNGUBO~1\AppData\Local\Temp\ccFZcKRl.s:232    .text.HAL_ADC_MspDeInit:00000000 HAL_ADC_MspDeInit
C:\Users\PNGUBO~1\AppData\Local\Temp\ccFZcKRl.s:239    .text.HAL_ADC_DeInit:00000000 $t
C:\Users\PNGUBO~1\AppData\Local\Temp\ccFZcKRl.s:245    .text.HAL_ADC_DeInit:00000000 HAL_ADC_DeInit
C:\Users\PNGUBO~1\AppData\Local\Temp\ccFZcKRl.s:277    .text.HAL_ADC_Start:00000000 $t
C:\Users\PNGUBO~1\AppData\Local\Temp\ccFZcKRl.s:283    .text.HAL_ADC_Start:00000000 HAL_ADC_Start
C:\Users\PNGUBO~1\AppData\Local\Temp\ccFZcKRl.s:429    .text.HAL_ADC_Start:00000130 $d
C:\Users\PNGUBO~1\AppData\Local\Temp\ccFZcKRl.s:436    .text.HAL_ADC_Stop:00000000 $t
C:\Users\PNGUBO~1\AppData\Local\Temp\ccFZcKRl.s:442    .text.HAL_ADC_Stop:00000000 HAL_ADC_Stop
C:\Users\PNGUBO~1\AppData\Local\Temp\ccFZcKRl.s:474    .text.HAL_ADC_PollForConversion:00000000 $t
C:\Users\PNGUBO~1\AppData\Local\Temp\ccFZcKRl.s:480    .text.HAL_ADC_PollForConversion:00000000 HAL_ADC_PollForConversion
C:\Users\PNGUBO~1\AppData\Local\Temp\ccFZcKRl.s:568    .text.HAL_ADC_PollForEvent:00000000 $t
C:\Users\PNGUBO~1\AppData\Local\Temp\ccFZcKRl.s:574    .text.HAL_ADC_PollForEvent:00000000 HAL_ADC_PollForEvent
C:\Users\PNGUBO~1\AppData\Local\Temp\ccFZcKRl.s:633    .text.HAL_ADC_Start_IT:00000000 $t
C:\Users\PNGUBO~1\AppData\Local\Temp\ccFZcKRl.s:639    .text.HAL_ADC_Start_IT:00000000 HAL_ADC_Start_IT
C:\Users\PNGUBO~1\AppData\Local\Temp\ccFZcKRl.s:790    .text.HAL_ADC_Start_IT:0000013c $d
C:\Users\PNGUBO~1\AppData\Local\Temp\ccFZcKRl.s:797    .text.HAL_ADC_Stop_IT:00000000 $t
C:\Users\PNGUBO~1\AppData\Local\Temp\ccFZcKRl.s:803    .text.HAL_ADC_Stop_IT:00000000 HAL_ADC_Stop_IT
C:\Users\PNGUBO~1\AppData\Local\Temp\ccFZcKRl.s:839    .text.HAL_ADC_Start_DMA:00000000 $t
C:\Users\PNGUBO~1\AppData\Local\Temp\ccFZcKRl.s:845    .text.HAL_ADC_Start_DMA:00000000 HAL_ADC_Start_DMA
C:\Users\PNGUBO~1\AppData\Local\Temp\ccFZcKRl.s:1009   .text.HAL_ADC_Start_DMA:00000168 $d
C:\Users\PNGUBO~1\AppData\Local\Temp\ccFZcKRl.s:1331   .text.ADC_DMAConvCplt:00000000 ADC_DMAConvCplt
C:\Users\PNGUBO~1\AppData\Local\Temp\ccFZcKRl.s:1127   .text.ADC_DMAHalfConvCplt:00000000 ADC_DMAHalfConvCplt
C:\Users\PNGUBO~1\AppData\Local\Temp\ccFZcKRl.s:1312   .text.ADC_DMAError:00000000 ADC_DMAError
C:\Users\PNGUBO~1\AppData\Local\Temp\ccFZcKRl.s:1019   .text.HAL_ADC_Stop_DMA:00000000 $t
C:\Users\PNGUBO~1\AppData\Local\Temp\ccFZcKRl.s:1025   .text.HAL_ADC_Stop_DMA:00000000 HAL_ADC_Stop_DMA
C:\Users\PNGUBO~1\AppData\Local\Temp\ccFZcKRl.s:1081   .text.HAL_ADC_GetValue:00000000 $t
C:\Users\PNGUBO~1\AppData\Local\Temp\ccFZcKRl.s:1087   .text.HAL_ADC_GetValue:00000000 HAL_ADC_GetValue
C:\Users\PNGUBO~1\AppData\Local\Temp\ccFZcKRl.s:1096   .text.HAL_ADC_ConvCpltCallback:00000000 $t
C:\Users\PNGUBO~1\AppData\Local\Temp\ccFZcKRl.s:1102   .text.HAL_ADC_ConvCpltCallback:00000000 HAL_ADC_ConvCpltCallback
C:\Users\PNGUBO~1\AppData\Local\Temp\ccFZcKRl.s:1109   .text.HAL_ADC_ConvHalfCpltCallback:00000000 $t
C:\Users\PNGUBO~1\AppData\Local\Temp\ccFZcKRl.s:1115   .text.HAL_ADC_ConvHalfCpltCallback:00000000 HAL_ADC_ConvHalfCpltCallback
C:\Users\PNGUBO~1\AppData\Local\Temp\ccFZcKRl.s:1122   .text.ADC_DMAHalfConvCplt:00000000 $t
C:\Users\PNGUBO~1\AppData\Local\Temp\ccFZcKRl.s:1136   .text.HAL_ADC_LevelOutOfWindowCallback:00000000 $t
C:\Users\PNGUBO~1\AppData\Local\Temp\ccFZcKRl.s:1142   .text.HAL_ADC_LevelOutOfWindowCallback:00000000 HAL_ADC_LevelOutOfWindowCallback
C:\Users\PNGUBO~1\AppData\Local\Temp\ccFZcKRl.s:1149   .text.HAL_ADC_ErrorCallback:00000000 $t
C:\Users\PNGUBO~1\AppData\Local\Temp\ccFZcKRl.s:1155   .text.HAL_ADC_ErrorCallback:00000000 HAL_ADC_ErrorCallback
C:\Users\PNGUBO~1\AppData\Local\Temp\ccFZcKRl.s:1162   .text.HAL_ADC_IRQHandler:00000000 $t
C:\Users\PNGUBO~1\AppData\Local\Temp\ccFZcKRl.s:1168   .text.HAL_ADC_IRQHandler:00000000 HAL_ADC_IRQHandler
C:\Users\PNGUBO~1\AppData\Local\Temp\ccFZcKRl.s:1307   .text.ADC_DMAError:00000000 $t
C:\Users\PNGUBO~1\AppData\Local\Temp\ccFZcKRl.s:1326   .text.ADC_DMAConvCplt:00000000 $t
C:\Users\PNGUBO~1\AppData\Local\Temp\ccFZcKRl.s:1386   .text.HAL_ADC_ConfigChannel:00000000 $t
C:\Users\PNGUBO~1\AppData\Local\Temp\ccFZcKRl.s:1392   .text.HAL_ADC_ConfigChannel:00000000 HAL_ADC_ConfigChannel
C:\Users\PNGUBO~1\AppData\Local\Temp\ccFZcKRl.s:1577   .text.HAL_ADC_ConfigChannel:00000198 $d
C:\Users\PNGUBO~1\AppData\Local\Temp\ccFZcKRl.s:1584   .text.HAL_ADC_AnalogWDGConfig:00000000 $t
C:\Users\PNGUBO~1\AppData\Local\Temp\ccFZcKRl.s:1590   .text.HAL_ADC_AnalogWDGConfig:00000000 HAL_ADC_AnalogWDGConfig
C:\Users\PNGUBO~1\AppData\Local\Temp\ccFZcKRl.s:1649   .text.HAL_ADC_GetState:00000000 $t
C:\Users\PNGUBO~1\AppData\Local\Temp\ccFZcKRl.s:1655   .text.HAL_ADC_GetState:00000000 HAL_ADC_GetState
ARM GAS  C:\Users\PNGUBO~1\AppData\Local\Temp\ccFZcKRl.s 			page 31


C:\Users\PNGUBO~1\AppData\Local\Temp\ccFZcKRl.s:1663   .text.HAL_ADC_GetError:00000000 $t
C:\Users\PNGUBO~1\AppData\Local\Temp\ccFZcKRl.s:1669   .text.HAL_ADC_GetError:00000000 HAL_ADC_GetError

UNDEFINED SYMBOLS
SystemCoreClock
HAL_GetTick
HAL_DMA_Start_IT
HAL_DMA_Abort
HAL_ADCEx_InjectedConvCpltCallback
