ARM GAS  C:\Users\PNGUBO~1\AppData\Local\Temp\cchJJwGp.s 			page 1


   1              		.cpu cortex-m4
   2              		.arch armv7e-m
   3              		.fpu fpv4-sp-d16
   4              		.eabi_attribute 27, 1
   5              		.eabi_attribute 28, 1
   6              		.eabi_attribute 20, 1
   7              		.eabi_attribute 21, 1
   8              		.eabi_attribute 23, 3
   9              		.eabi_attribute 24, 1
  10              		.eabi_attribute 25, 1
  11              		.eabi_attribute 26, 1
  12              		.eabi_attribute 30, 1
  13              		.eabi_attribute 34, 1
  14              		.eabi_attribute 18, 4
  15              		.file	"stm32f4xx_hal_adc_ex.c"
  16              		.text
  17              		.section	.text.ADC_MultiModeDMAError,"ax",%progbits
  18              		.align	1
  19              		.syntax unified
  20              		.thumb
  21              		.thumb_func
  23              	ADC_MultiModeDMAError:
  24              		@ args = 0, pretend = 0, frame = 0
  25              		@ frame_needed = 0, uses_anonymous_args = 0
  26 0000 08B5     		push	{r3, lr}
  27 0002 806B     		ldr	r0, [r0, #56]
  28 0004 4023     		movs	r3, #64
  29 0006 0364     		str	r3, [r0, #64]
  30 0008 436C     		ldr	r3, [r0, #68]
  31 000a 43F00403 		orr	r3, r3, #4
  32 000e 4364     		str	r3, [r0, #68]
  33 0010 FFF7FEFF 		bl	HAL_ADC_ErrorCallback
  34 0014 08BD     		pop	{r3, pc}
  36              		.section	.text.ADC_MultiModeDMAHalfConvCplt,"ax",%progbits
  37              		.align	1
  38              		.syntax unified
  39              		.thumb
  40              		.thumb_func
  42              	ADC_MultiModeDMAHalfConvCplt:
  43              		@ args = 0, pretend = 0, frame = 0
  44              		@ frame_needed = 0, uses_anonymous_args = 0
  45 0000 08B5     		push	{r3, lr}
  46 0002 806B     		ldr	r0, [r0, #56]
  47 0004 FFF7FEFF 		bl	HAL_ADC_ConvHalfCpltCallback
  48 0008 08BD     		pop	{r3, pc}
  50              		.section	.text.ADC_MultiModeDMAConvCplt,"ax",%progbits
  51              		.align	1
  52              		.syntax unified
  53              		.thumb
  54              		.thumb_func
  56              	ADC_MultiModeDMAConvCplt:
  57              		@ args = 0, pretend = 0, frame = 0
  58              		@ frame_needed = 0, uses_anonymous_args = 0
  59 0000 08B5     		push	{r3, lr}
  60 0002 836B     		ldr	r3, [r0, #56]
  61 0004 1A6C     		ldr	r2, [r3, #64]
  62 0006 12F0500F 		tst	r2, #80
ARM GAS  C:\Users\PNGUBO~1\AppData\Local\Temp\cchJJwGp.s 			page 2


  63 000a 26D1     		bne	.L6
  64 000c 1A6C     		ldr	r2, [r3, #64]
  65 000e 42F40072 		orr	r2, r2, #512
  66 0012 1A64     		str	r2, [r3, #64]
  67 0014 1A68     		ldr	r2, [r3]
  68 0016 9168     		ldr	r1, [r2, #8]
  69 0018 11F0405F 		tst	r1, #805306368
  70 001c 19D1     		bne	.L7
  71 001e 197E     		ldrb	r1, [r3, #24]	@ zero_extendqisi2
  72 0020 B9B9     		cbnz	r1, .L7
  73 0022 D16A     		ldr	r1, [r2, #44]
  74 0024 11F4700F 		tst	r1, #15728640
  75 0028 03D0     		beq	.L8
  76 002a 9168     		ldr	r1, [r2, #8]
  77 002c 11F4806F 		tst	r1, #1024
  78 0030 0FD1     		bne	.L7
  79              	.L8:
  80 0032 5168     		ldr	r1, [r2, #4]
  81 0034 21F02001 		bic	r1, r1, #32
  82 0038 5160     		str	r1, [r2, #4]
  83 003a 1A6C     		ldr	r2, [r3, #64]
  84 003c 22F48072 		bic	r2, r2, #256
  85 0040 1A64     		str	r2, [r3, #64]
  86 0042 1A6C     		ldr	r2, [r3, #64]
  87 0044 12F4805F 		tst	r2, #4096
  88 0048 03D1     		bne	.L7
  89 004a 1A6C     		ldr	r2, [r3, #64]
  90 004c 42F00102 		orr	r2, r2, #1
  91 0050 1A64     		str	r2, [r3, #64]
  92              	.L7:
  93 0052 1846     		mov	r0, r3
  94 0054 FFF7FEFF 		bl	HAL_ADC_ConvCpltCallback
  95              	.L5:
  96 0058 08BD     		pop	{r3, pc}
  97              	.L6:
  98 005a 9B6B     		ldr	r3, [r3, #56]
  99 005c DB6C     		ldr	r3, [r3, #76]
 100 005e 9847     		blx	r3
 101 0060 FAE7     		b	.L5
 103              		.section	.text.HAL_ADCEx_InjectedStart,"ax",%progbits
 104              		.align	1
 105              		.global	HAL_ADCEx_InjectedStart
 106              		.syntax unified
 107              		.thumb
 108              		.thumb_func
 110              	HAL_ADCEx_InjectedStart:
 111              		@ args = 0, pretend = 0, frame = 8
 112              		@ frame_needed = 0, uses_anonymous_args = 0
 113              		@ link register save eliminated.
 114 0000 82B0     		sub	sp, sp, #8
 115 0002 0023     		movs	r3, #0
 116 0004 0193     		str	r3, [sp, #4]
 117 0006 90F83C30 		ldrb	r3, [r0, #60]	@ zero_extendqisi2
 118 000a 012B     		cmp	r3, #1
 119 000c 67D0     		beq	.L19
 120 000e 0123     		movs	r3, #1
 121 0010 80F83C30 		strb	r3, [r0, #60]
ARM GAS  C:\Users\PNGUBO~1\AppData\Local\Temp\cchJJwGp.s 			page 3


 122 0014 0368     		ldr	r3, [r0]
 123 0016 9A68     		ldr	r2, [r3, #8]
 124 0018 12F0010F 		tst	r2, #1
 125 001c 13D1     		bne	.L13
 126 001e 9A68     		ldr	r2, [r3, #8]
 127 0020 42F00102 		orr	r2, r2, #1
 128 0024 9A60     		str	r2, [r3, #8]
 129 0026 334B     		ldr	r3, .L27
 130 0028 1B68     		ldr	r3, [r3]
 131 002a 334A     		ldr	r2, .L27+4
 132 002c A2FB0323 		umull	r2, r3, r2, r3
 133 0030 9B0C     		lsrs	r3, r3, #18
 134 0032 03EB4303 		add	r3, r3, r3, lsl #1
 135 0036 0193     		str	r3, [sp, #4]
 136 0038 02E0     		b	.L14
 137              	.L15:
 138 003a 019B     		ldr	r3, [sp, #4]
 139 003c 013B     		subs	r3, r3, #1
 140 003e 0193     		str	r3, [sp, #4]
 141              	.L14:
 142 0040 019B     		ldr	r3, [sp, #4]
 143 0042 002B     		cmp	r3, #0
 144 0044 F9D1     		bne	.L15
 145              	.L13:
 146 0046 0268     		ldr	r2, [r0]
 147 0048 9368     		ldr	r3, [r2, #8]
 148 004a 13F0010F 		tst	r3, #1
 149 004e 3BD0     		beq	.L16
 150 0050 036C     		ldr	r3, [r0, #64]
 151 0052 23F44053 		bic	r3, r3, #12288
 152 0056 23F00103 		bic	r3, r3, #1
 153 005a 43F48053 		orr	r3, r3, #4096
 154 005e 0364     		str	r3, [r0, #64]
 155 0060 036C     		ldr	r3, [r0, #64]
 156 0062 13F4807F 		tst	r3, #256
 157 0066 01D1     		bne	.L17
 158 0068 0023     		movs	r3, #0
 159 006a 4364     		str	r3, [r0, #68]
 160              	.L17:
 161 006c 0023     		movs	r3, #0
 162 006e 80F83C30 		strb	r3, [r0, #60]
 163 0072 6FF00403 		mvn	r3, #4
 164 0076 1360     		str	r3, [r2]
 165 0078 204B     		ldr	r3, .L27+8
 166 007a 5B68     		ldr	r3, [r3, #4]
 167 007c 13F01F0F 		tst	r3, #31
 168 0080 0ED1     		bne	.L18
 169 0082 0268     		ldr	r2, [r0]
 170 0084 9168     		ldr	r1, [r2, #8]
 171 0086 5368     		ldr	r3, [r2, #4]
 172 0088 03F48063 		and	r3, r3, #1024
 173 008c 11F4401F 		tst	r1, #3145728
 174 0090 27D1     		bne	.L20
 175 0092 43BB     		cbnz	r3, .L21
 176 0094 9368     		ldr	r3, [r2, #8]
 177 0096 43F48003 		orr	r3, r3, #4194304
 178 009a 9360     		str	r3, [r2, #8]
ARM GAS  C:\Users\PNGUBO~1\AppData\Local\Temp\cchJJwGp.s 			page 4


 179 009c 0020     		movs	r0, #0
 180 009e 1CE0     		b	.L12
 181              	.L18:
 182 00a0 0368     		ldr	r3, [r0]
 183 00a2 9A68     		ldr	r2, [r3, #8]
 184 00a4 02F44012 		and	r2, r2, #3145728
 185 00a8 5968     		ldr	r1, [r3, #4]
 186 00aa 01F48061 		and	r1, r1, #1024
 187 00ae 1448     		ldr	r0, .L27+12
 188 00b0 8342     		cmp	r3, r0
 189 00b2 01D0     		beq	.L26
 190 00b4 0020     		movs	r0, #0
 191 00b6 10E0     		b	.L12
 192              	.L26:
 193 00b8 BAB9     		cbnz	r2, .L23
 194 00ba C1B9     		cbnz	r1, .L24
 195 00bc 9A68     		ldr	r2, [r3, #8]
 196 00be 42F48002 		orr	r2, r2, #4194304
 197 00c2 9A60     		str	r2, [r3, #8]
 198 00c4 0020     		movs	r0, #0
 199 00c6 08E0     		b	.L12
 200              	.L16:
 201 00c8 036C     		ldr	r3, [r0, #64]
 202 00ca 43F01003 		orr	r3, r3, #16
 203 00ce 0364     		str	r3, [r0, #64]
 204 00d0 436C     		ldr	r3, [r0, #68]
 205 00d2 43F00103 		orr	r3, r3, #1
 206 00d6 4364     		str	r3, [r0, #68]
 207 00d8 0020     		movs	r0, #0
 208              	.L12:
 209 00da 02B0     		add	sp, sp, #8
 210              		@ sp needed
 211 00dc 7047     		bx	lr
 212              	.L19:
 213 00de 0220     		movs	r0, #2
 214 00e0 FBE7     		b	.L12
 215              	.L20:
 216 00e2 0020     		movs	r0, #0
 217 00e4 F9E7     		b	.L12
 218              	.L21:
 219 00e6 0020     		movs	r0, #0
 220 00e8 F7E7     		b	.L12
 221              	.L23:
 222 00ea 0020     		movs	r0, #0
 223 00ec F5E7     		b	.L12
 224              	.L24:
 225 00ee 0020     		movs	r0, #0
 226 00f0 F3E7     		b	.L12
 227              	.L28:
 228 00f2 00BF     		.align	2
 229              	.L27:
 230 00f4 00000000 		.word	SystemCoreClock
 231 00f8 83DE1B43 		.word	1125899907
 232 00fc 00230140 		.word	1073816320
 233 0100 00200140 		.word	1073815552
 235              		.section	.text.HAL_ADCEx_InjectedStart_IT,"ax",%progbits
 236              		.align	1
ARM GAS  C:\Users\PNGUBO~1\AppData\Local\Temp\cchJJwGp.s 			page 5


 237              		.global	HAL_ADCEx_InjectedStart_IT
 238              		.syntax unified
 239              		.thumb
 240              		.thumb_func
 242              	HAL_ADCEx_InjectedStart_IT:
 243              		@ args = 0, pretend = 0, frame = 8
 244              		@ frame_needed = 0, uses_anonymous_args = 0
 245              		@ link register save eliminated.
 246 0000 82B0     		sub	sp, sp, #8
 247 0002 0023     		movs	r3, #0
 248 0004 0193     		str	r3, [sp, #4]
 249 0006 90F83C30 		ldrb	r3, [r0, #60]	@ zero_extendqisi2
 250 000a 012B     		cmp	r3, #1
 251 000c 6CD0     		beq	.L37
 252 000e 0123     		movs	r3, #1
 253 0010 80F83C30 		strb	r3, [r0, #60]
 254 0014 0368     		ldr	r3, [r0]
 255 0016 9A68     		ldr	r2, [r3, #8]
 256 0018 12F0010F 		tst	r2, #1
 257 001c 13D1     		bne	.L31
 258 001e 9A68     		ldr	r2, [r3, #8]
 259 0020 42F00102 		orr	r2, r2, #1
 260 0024 9A60     		str	r2, [r3, #8]
 261 0026 354B     		ldr	r3, .L45
 262 0028 1B68     		ldr	r3, [r3]
 263 002a 354A     		ldr	r2, .L45+4
 264 002c A2FB0323 		umull	r2, r3, r2, r3
 265 0030 9B0C     		lsrs	r3, r3, #18
 266 0032 03EB4303 		add	r3, r3, r3, lsl #1
 267 0036 0193     		str	r3, [sp, #4]
 268 0038 02E0     		b	.L32
 269              	.L33:
 270 003a 019B     		ldr	r3, [sp, #4]
 271 003c 013B     		subs	r3, r3, #1
 272 003e 0193     		str	r3, [sp, #4]
 273              	.L32:
 274 0040 019B     		ldr	r3, [sp, #4]
 275 0042 002B     		cmp	r3, #0
 276 0044 F9D1     		bne	.L33
 277              	.L31:
 278 0046 0268     		ldr	r2, [r0]
 279 0048 9368     		ldr	r3, [r2, #8]
 280 004a 13F0010F 		tst	r3, #1
 281 004e 40D0     		beq	.L34
 282 0050 036C     		ldr	r3, [r0, #64]
 283 0052 23F44053 		bic	r3, r3, #12288
 284 0056 23F00103 		bic	r3, r3, #1
 285 005a 43F48053 		orr	r3, r3, #4096
 286 005e 0364     		str	r3, [r0, #64]
 287 0060 036C     		ldr	r3, [r0, #64]
 288 0062 13F4807F 		tst	r3, #256
 289 0066 01D1     		bne	.L35
 290 0068 0023     		movs	r3, #0
 291 006a 4364     		str	r3, [r0, #68]
 292              	.L35:
 293 006c 0023     		movs	r3, #0
 294 006e 80F83C30 		strb	r3, [r0, #60]
ARM GAS  C:\Users\PNGUBO~1\AppData\Local\Temp\cchJJwGp.s 			page 6


 295 0072 6FF00403 		mvn	r3, #4
 296 0076 1360     		str	r3, [r2]
 297 0078 0268     		ldr	r2, [r0]
 298 007a 5368     		ldr	r3, [r2, #4]
 299 007c 43F08003 		orr	r3, r3, #128
 300 0080 5360     		str	r3, [r2, #4]
 301 0082 204B     		ldr	r3, .L45+8
 302 0084 5B68     		ldr	r3, [r3, #4]
 303 0086 13F01F0F 		tst	r3, #31
 304 008a 0ED1     		bne	.L36
 305 008c 0268     		ldr	r2, [r0]
 306 008e 9168     		ldr	r1, [r2, #8]
 307 0090 5368     		ldr	r3, [r2, #4]
 308 0092 03F48063 		and	r3, r3, #1024
 309 0096 11F4401F 		tst	r1, #3145728
 310 009a 27D1     		bne	.L38
 311 009c 43BB     		cbnz	r3, .L39
 312 009e 9368     		ldr	r3, [r2, #8]
 313 00a0 43F48003 		orr	r3, r3, #4194304
 314 00a4 9360     		str	r3, [r2, #8]
 315 00a6 0020     		movs	r0, #0
 316 00a8 1CE0     		b	.L30
 317              	.L36:
 318 00aa 0368     		ldr	r3, [r0]
 319 00ac 9A68     		ldr	r2, [r3, #8]
 320 00ae 02F44012 		and	r2, r2, #3145728
 321 00b2 5968     		ldr	r1, [r3, #4]
 322 00b4 01F48061 		and	r1, r1, #1024
 323 00b8 1348     		ldr	r0, .L45+12
 324 00ba 8342     		cmp	r3, r0
 325 00bc 01D0     		beq	.L44
 326 00be 0020     		movs	r0, #0
 327 00c0 10E0     		b	.L30
 328              	.L44:
 329 00c2 BAB9     		cbnz	r2, .L41
 330 00c4 C1B9     		cbnz	r1, .L42
 331 00c6 9A68     		ldr	r2, [r3, #8]
 332 00c8 42F48002 		orr	r2, r2, #4194304
 333 00cc 9A60     		str	r2, [r3, #8]
 334 00ce 0020     		movs	r0, #0
 335 00d0 08E0     		b	.L30
 336              	.L34:
 337 00d2 036C     		ldr	r3, [r0, #64]
 338 00d4 43F01003 		orr	r3, r3, #16
 339 00d8 0364     		str	r3, [r0, #64]
 340 00da 436C     		ldr	r3, [r0, #68]
 341 00dc 43F00103 		orr	r3, r3, #1
 342 00e0 4364     		str	r3, [r0, #68]
 343 00e2 0020     		movs	r0, #0
 344              	.L30:
 345 00e4 02B0     		add	sp, sp, #8
 346              		@ sp needed
 347 00e6 7047     		bx	lr
 348              	.L37:
 349 00e8 0220     		movs	r0, #2
 350 00ea FBE7     		b	.L30
 351              	.L38:
ARM GAS  C:\Users\PNGUBO~1\AppData\Local\Temp\cchJJwGp.s 			page 7


 352 00ec 0020     		movs	r0, #0
 353 00ee F9E7     		b	.L30
 354              	.L39:
 355 00f0 0020     		movs	r0, #0
 356 00f2 F7E7     		b	.L30
 357              	.L41:
 358 00f4 0020     		movs	r0, #0
 359 00f6 F5E7     		b	.L30
 360              	.L42:
 361 00f8 0020     		movs	r0, #0
 362 00fa F3E7     		b	.L30
 363              	.L46:
 364              		.align	2
 365              	.L45:
 366 00fc 00000000 		.word	SystemCoreClock
 367 0100 83DE1B43 		.word	1125899907
 368 0104 00230140 		.word	1073816320
 369 0108 00200140 		.word	1073815552
 371              		.section	.text.HAL_ADCEx_InjectedStop,"ax",%progbits
 372              		.align	1
 373              		.global	HAL_ADCEx_InjectedStop
 374              		.syntax unified
 375              		.thumb
 376              		.thumb_func
 378              	HAL_ADCEx_InjectedStop:
 379              		@ args = 0, pretend = 0, frame = 0
 380              		@ frame_needed = 0, uses_anonymous_args = 0
 381              		@ link register save eliminated.
 382 0000 0346     		mov	r3, r0
 383 0002 90F83C20 		ldrb	r2, [r0, #60]	@ zero_extendqisi2
 384 0006 012A     		cmp	r2, #1
 385 0008 29D0     		beq	.L51
 386 000a 0122     		movs	r2, #1
 387 000c 80F83C20 		strb	r2, [r0, #60]
 388 0010 026C     		ldr	r2, [r0, #64]
 389 0012 12F4807F 		tst	r2, #256
 390 0016 17D1     		bne	.L49
 391 0018 0268     		ldr	r2, [r0]
 392 001a 5168     		ldr	r1, [r2, #4]
 393 001c 11F4806F 		tst	r1, #1024
 394 0020 12D1     		bne	.L49
 395 0022 9168     		ldr	r1, [r2, #8]
 396 0024 21F00101 		bic	r1, r1, #1
 397 0028 9160     		str	r1, [r2, #8]
 398 002a 0268     		ldr	r2, [r0]
 399 002c 9268     		ldr	r2, [r2, #8]
 400 002e 12F0010F 		tst	r2, #1
 401 0032 12D1     		bne	.L52
 402 0034 026C     		ldr	r2, [r0, #64]
 403 0036 22F48852 		bic	r2, r2, #4352
 404 003a 22F00102 		bic	r2, r2, #1
 405 003e 42F00102 		orr	r2, r2, #1
 406 0042 0264     		str	r2, [r0, #64]
 407 0044 0020     		movs	r0, #0
 408 0046 04E0     		b	.L50
 409              	.L49:
 410 0048 1A6C     		ldr	r2, [r3, #64]
ARM GAS  C:\Users\PNGUBO~1\AppData\Local\Temp\cchJJwGp.s 			page 8


 411 004a 42F02002 		orr	r2, r2, #32
 412 004e 1A64     		str	r2, [r3, #64]
 413 0050 0120     		movs	r0, #1
 414              	.L50:
 415 0052 0022     		movs	r2, #0
 416 0054 83F83C20 		strb	r2, [r3, #60]
 417 0058 7047     		bx	lr
 418              	.L52:
 419 005a 0020     		movs	r0, #0
 420 005c F9E7     		b	.L50
 421              	.L51:
 422 005e 0220     		movs	r0, #2
 423 0060 7047     		bx	lr
 425              		.section	.text.HAL_ADCEx_InjectedPollForConversion,"ax",%progbits
 426              		.align	1
 427              		.global	HAL_ADCEx_InjectedPollForConversion
 428              		.syntax unified
 429              		.thumb
 430              		.thumb_func
 432              	HAL_ADCEx_InjectedPollForConversion:
 433              		@ args = 0, pretend = 0, frame = 0
 434              		@ frame_needed = 0, uses_anonymous_args = 0
 435 0000 70B5     		push	{r4, r5, r6, lr}
 436 0002 0446     		mov	r4, r0
 437 0004 0D46     		mov	r5, r1
 438 0006 FFF7FEFF 		bl	HAL_GetTick
 439 000a 0646     		mov	r6, r0
 440              	.L55:
 441 000c 2368     		ldr	r3, [r4]
 442 000e 1A68     		ldr	r2, [r3]
 443 0010 12F0040F 		tst	r2, #4
 444 0014 15D1     		bne	.L67
 445 0016 B5F1FF3F 		cmp	r5, #-1
 446 001a F7D0     		beq	.L55
 447 001c 5DB9     		cbnz	r5, .L68
 448              	.L56:
 449 001e 2368     		ldr	r3, [r4]
 450 0020 1B68     		ldr	r3, [r3]
 451 0022 13F0040F 		tst	r3, #4
 452 0026 F1D1     		bne	.L55
 453 0028 0423     		movs	r3, #4
 454 002a 2364     		str	r3, [r4, #64]
 455 002c 0023     		movs	r3, #0
 456 002e 84F83C30 		strb	r3, [r4, #60]
 457 0032 0320     		movs	r0, #3
 458 0034 31E0     		b	.L58
 459              	.L68:
 460 0036 FFF7FEFF 		bl	HAL_GetTick
 461 003a 801B     		subs	r0, r0, r6
 462 003c A842     		cmp	r0, r5
 463 003e E5D9     		bls	.L55
 464 0040 EDE7     		b	.L56
 465              	.L67:
 466 0042 6FF00C02 		mvn	r2, #12
 467 0046 1A60     		str	r2, [r3]
 468 0048 236C     		ldr	r3, [r4, #64]
 469 004a 43F40053 		orr	r3, r3, #8192
ARM GAS  C:\Users\PNGUBO~1\AppData\Local\Temp\cchJJwGp.s 			page 9


 470 004e 2364     		str	r3, [r4, #64]
 471 0050 2368     		ldr	r3, [r4]
 472 0052 9A68     		ldr	r2, [r3, #8]
 473 0054 12F4401F 		tst	r2, #3145728
 474 0058 1ED1     		bne	.L61
 475 005a 9A6B     		ldr	r2, [r3, #56]
 476 005c 12F4401F 		tst	r2, #3145728
 477 0060 03D0     		beq	.L60
 478 0062 9A68     		ldr	r2, [r3, #8]
 479 0064 12F4806F 		tst	r2, #1024
 480 0068 18D1     		bne	.L62
 481              	.L60:
 482 006a 5A68     		ldr	r2, [r3, #4]
 483 006c 12F4806F 		tst	r2, #1024
 484 0070 16D1     		bne	.L63
 485 0072 9B68     		ldr	r3, [r3, #8]
 486 0074 13F0405F 		tst	r3, #805306368
 487 0078 14D1     		bne	.L64
 488 007a 207E     		ldrb	r0, [r4, #24]	@ zero_extendqisi2
 489 007c A0B9     		cbnz	r0, .L65
 490 007e 236C     		ldr	r3, [r4, #64]
 491 0080 23F48053 		bic	r3, r3, #4096
 492 0084 2364     		str	r3, [r4, #64]
 493 0086 236C     		ldr	r3, [r4, #64]
 494 0088 13F4807F 		tst	r3, #256
 495 008c 05D1     		bne	.L58
 496 008e 236C     		ldr	r3, [r4, #64]
 497 0090 43F00103 		orr	r3, r3, #1
 498 0094 2364     		str	r3, [r4, #64]
 499 0096 00E0     		b	.L58
 500              	.L61:
 501 0098 0020     		movs	r0, #0
 502              	.L58:
 503 009a 70BD     		pop	{r4, r5, r6, pc}
 504              	.L62:
 505 009c 0020     		movs	r0, #0
 506 009e FCE7     		b	.L58
 507              	.L63:
 508 00a0 0020     		movs	r0, #0
 509 00a2 FAE7     		b	.L58
 510              	.L64:
 511 00a4 0020     		movs	r0, #0
 512 00a6 F8E7     		b	.L58
 513              	.L65:
 514 00a8 0020     		movs	r0, #0
 515 00aa F6E7     		b	.L58
 517              		.section	.text.HAL_ADCEx_InjectedStop_IT,"ax",%progbits
 518              		.align	1
 519              		.global	HAL_ADCEx_InjectedStop_IT
 520              		.syntax unified
 521              		.thumb
 522              		.thumb_func
 524              	HAL_ADCEx_InjectedStop_IT:
 525              		@ args = 0, pretend = 0, frame = 0
 526              		@ frame_needed = 0, uses_anonymous_args = 0
 527              		@ link register save eliminated.
 528 0000 0346     		mov	r3, r0
ARM GAS  C:\Users\PNGUBO~1\AppData\Local\Temp\cchJJwGp.s 			page 10


 529 0002 90F83C20 		ldrb	r2, [r0, #60]	@ zero_extendqisi2
 530 0006 012A     		cmp	r2, #1
 531 0008 2DD0     		beq	.L73
 532 000a 0122     		movs	r2, #1
 533 000c 80F83C20 		strb	r2, [r0, #60]
 534 0010 026C     		ldr	r2, [r0, #64]
 535 0012 12F4807F 		tst	r2, #256
 536 0016 1BD1     		bne	.L71
 537 0018 0268     		ldr	r2, [r0]
 538 001a 5168     		ldr	r1, [r2, #4]
 539 001c 11F4806F 		tst	r1, #1024
 540 0020 16D1     		bne	.L71
 541 0022 9168     		ldr	r1, [r2, #8]
 542 0024 21F00101 		bic	r1, r1, #1
 543 0028 9160     		str	r1, [r2, #8]
 544 002a 0268     		ldr	r2, [r0]
 545 002c 9168     		ldr	r1, [r2, #8]
 546 002e 11F0010F 		tst	r1, #1
 547 0032 16D1     		bne	.L74
 548 0034 5168     		ldr	r1, [r2, #4]
 549 0036 21F08001 		bic	r1, r1, #128
 550 003a 5160     		str	r1, [r2, #4]
 551 003c 026C     		ldr	r2, [r0, #64]
 552 003e 22F48852 		bic	r2, r2, #4352
 553 0042 22F00102 		bic	r2, r2, #1
 554 0046 42F00102 		orr	r2, r2, #1
 555 004a 0264     		str	r2, [r0, #64]
 556 004c 0020     		movs	r0, #0
 557 004e 04E0     		b	.L72
 558              	.L71:
 559 0050 1A6C     		ldr	r2, [r3, #64]
 560 0052 42F02002 		orr	r2, r2, #32
 561 0056 1A64     		str	r2, [r3, #64]
 562 0058 0120     		movs	r0, #1
 563              	.L72:
 564 005a 0022     		movs	r2, #0
 565 005c 83F83C20 		strb	r2, [r3, #60]
 566 0060 7047     		bx	lr
 567              	.L74:
 568 0062 0020     		movs	r0, #0
 569 0064 F9E7     		b	.L72
 570              	.L73:
 571 0066 0220     		movs	r0, #2
 572 0068 7047     		bx	lr
 574              		.section	.text.HAL_ADCEx_InjectedGetValue,"ax",%progbits
 575              		.align	1
 576              		.global	HAL_ADCEx_InjectedGetValue
 577              		.syntax unified
 578              		.thumb
 579              		.thumb_func
 581              	HAL_ADCEx_InjectedGetValue:
 582              		@ args = 0, pretend = 0, frame = 8
 583              		@ frame_needed = 0, uses_anonymous_args = 0
 584              		@ link register save eliminated.
 585 0000 82B0     		sub	sp, sp, #8
 586 0002 0023     		movs	r3, #0
 587 0004 0193     		str	r3, [sp, #4]
ARM GAS  C:\Users\PNGUBO~1\AppData\Local\Temp\cchJJwGp.s 			page 11


 588 0006 0368     		ldr	r3, [r0]
 589 0008 6FF00402 		mvn	r2, #4
 590 000c 1A60     		str	r2, [r3]
 591 000e 0139     		subs	r1, r1, #1
 592 0010 0329     		cmp	r1, #3
 593 0012 06D8     		bhi	.L76
 594 0014 DFE801F0 		tbb	[pc, r1]
 595              	.L78:
 596 0018 10       		.byte	(.L81-.L78)/2
 597 0019 0C       		.byte	(.L80-.L78)/2
 598 001a 08       		.byte	(.L79-.L78)/2
 599 001b 02       		.byte	(.L77-.L78)/2
 600              		.p2align 1
 601              	.L77:
 602 001c 0368     		ldr	r3, [r0]
 603 001e 9B6C     		ldr	r3, [r3, #72]
 604 0020 0193     		str	r3, [sp, #4]
 605              	.L76:
 606 0022 0198     		ldr	r0, [sp, #4]
 607 0024 02B0     		add	sp, sp, #8
 608              		@ sp needed
 609 0026 7047     		bx	lr
 610              	.L79:
 611 0028 0368     		ldr	r3, [r0]
 612 002a 5B6C     		ldr	r3, [r3, #68]
 613 002c 0193     		str	r3, [sp, #4]
 614 002e F8E7     		b	.L76
 615              	.L80:
 616 0030 0368     		ldr	r3, [r0]
 617 0032 1B6C     		ldr	r3, [r3, #64]
 618 0034 0193     		str	r3, [sp, #4]
 619 0036 F4E7     		b	.L76
 620              	.L81:
 621 0038 0368     		ldr	r3, [r0]
 622 003a DB6B     		ldr	r3, [r3, #60]
 623 003c 0193     		str	r3, [sp, #4]
 624 003e F0E7     		b	.L76
 626              		.section	.text.HAL_ADCEx_MultiModeStart_DMA,"ax",%progbits
 627              		.align	1
 628              		.global	HAL_ADCEx_MultiModeStart_DMA
 629              		.syntax unified
 630              		.thumb
 631              		.thumb_func
 633              	HAL_ADCEx_MultiModeStart_DMA:
 634              		@ args = 0, pretend = 0, frame = 8
 635              		@ frame_needed = 0, uses_anonymous_args = 0
 636 0000 10B5     		push	{r4, lr}
 637 0002 82B0     		sub	sp, sp, #8
 638 0004 1346     		mov	r3, r2
 639 0006 0022     		movs	r2, #0
 640 0008 0192     		str	r2, [sp, #4]
 641 000a 90F83C20 		ldrb	r2, [r0, #60]	@ zero_extendqisi2
 642 000e 012A     		cmp	r2, #1
 643 0010 7BD0     		beq	.L95
 644 0012 0446     		mov	r4, r0
 645 0014 0122     		movs	r2, #1
 646 0016 80F83C20 		strb	r2, [r0, #60]
ARM GAS  C:\Users\PNGUBO~1\AppData\Local\Temp\cchJJwGp.s 			page 12


 647 001a 0268     		ldr	r2, [r0]
 648 001c 9068     		ldr	r0, [r2, #8]
 649 001e 10F0010F 		tst	r0, #1
 650 0022 13D1     		bne	.L86
 651 0024 9068     		ldr	r0, [r2, #8]
 652 0026 40F00100 		orr	r0, r0, #1
 653 002a 9060     		str	r0, [r2, #8]
 654 002c 384A     		ldr	r2, .L97
 655 002e 1068     		ldr	r0, [r2]
 656 0030 384A     		ldr	r2, .L97+4
 657 0032 A2FB0020 		umull	r2, r0, r2, r0
 658 0036 800C     		lsrs	r0, r0, #18
 659 0038 00EB4000 		add	r0, r0, r0, lsl #1
 660 003c 0190     		str	r0, [sp, #4]
 661 003e 02E0     		b	.L87
 662              	.L88:
 663 0040 0198     		ldr	r0, [sp, #4]
 664 0042 0138     		subs	r0, r0, #1
 665 0044 0190     		str	r0, [sp, #4]
 666              	.L87:
 667 0046 0198     		ldr	r0, [sp, #4]
 668 0048 0028     		cmp	r0, #0
 669 004a F9D1     		bne	.L88
 670              	.L86:
 671 004c 2268     		ldr	r2, [r4]
 672 004e 9068     		ldr	r0, [r2, #8]
 673 0050 10F0010F 		tst	r0, #1
 674 0054 4ED0     		beq	.L89
 675 0056 206C     		ldr	r0, [r4, #64]
 676 0058 20F4E060 		bic	r0, r0, #1792
 677 005c 20F00100 		bic	r0, r0, #1
 678 0060 40F48070 		orr	r0, r0, #256
 679 0064 2064     		str	r0, [r4, #64]
 680 0066 5268     		ldr	r2, [r2, #4]
 681 0068 12F4806F 		tst	r2, #1024
 682 006c 05D0     		beq	.L90
 683 006e 226C     		ldr	r2, [r4, #64]
 684 0070 22F44052 		bic	r2, r2, #12288
 685 0074 42F48052 		orr	r2, r2, #4096
 686 0078 2264     		str	r2, [r4, #64]
 687              	.L90:
 688 007a 226C     		ldr	r2, [r4, #64]
 689 007c 12F4805F 		tst	r2, #4096
 690 0080 2FD0     		beq	.L91
 691 0082 626C     		ldr	r2, [r4, #68]
 692 0084 22F00602 		bic	r2, r2, #6
 693 0088 6264     		str	r2, [r4, #68]
 694              	.L92:
 695 008a 0022     		movs	r2, #0
 696 008c 84F83C20 		strb	r2, [r4, #60]
 697 0090 A26B     		ldr	r2, [r4, #56]
 698 0092 2148     		ldr	r0, .L97+8
 699 0094 D063     		str	r0, [r2, #60]
 700 0096 A26B     		ldr	r2, [r4, #56]
 701 0098 2048     		ldr	r0, .L97+12
 702 009a 1064     		str	r0, [r2, #64]
 703 009c A26B     		ldr	r2, [r4, #56]
ARM GAS  C:\Users\PNGUBO~1\AppData\Local\Temp\cchJJwGp.s 			page 13


 704 009e 2048     		ldr	r0, .L97+16
 705 00a0 D064     		str	r0, [r2, #76]
 706 00a2 2268     		ldr	r2, [r4]
 707 00a4 6FF00200 		mvn	r0, #2
 708 00a8 1060     		str	r0, [r2]
 709 00aa 2068     		ldr	r0, [r4]
 710 00ac 4268     		ldr	r2, [r0, #4]
 711 00ae 42F08062 		orr	r2, r2, #67108864
 712 00b2 4260     		str	r2, [r0, #4]
 713 00b4 94F83020 		ldrb	r2, [r4, #48]	@ zero_extendqisi2
 714 00b8 B2B1     		cbz	r2, .L93
 715 00ba 1A48     		ldr	r0, .L97+20
 716 00bc 4268     		ldr	r2, [r0, #4]
 717 00be 42F40052 		orr	r2, r2, #8192
 718 00c2 4260     		str	r2, [r0, #4]
 719              	.L94:
 720 00c4 0A46     		mov	r2, r1
 721 00c6 1849     		ldr	r1, .L97+24
 722 00c8 A06B     		ldr	r0, [r4, #56]
 723 00ca FFF7FEFF 		bl	HAL_DMA_Start_IT
 724 00ce 2368     		ldr	r3, [r4]
 725 00d0 9A68     		ldr	r2, [r3, #8]
 726 00d2 12F0405F 		tst	r2, #805306368
 727 00d6 16D1     		bne	.L85
 728 00d8 9A68     		ldr	r2, [r3, #8]
 729 00da 42F08042 		orr	r2, r2, #1073741824
 730 00de 9A60     		str	r2, [r3, #8]
 731 00e0 11E0     		b	.L85
 732              	.L91:
 733 00e2 0022     		movs	r2, #0
 734 00e4 6264     		str	r2, [r4, #68]
 735 00e6 D0E7     		b	.L92
 736              	.L93:
 737 00e8 0E48     		ldr	r0, .L97+20
 738 00ea 4268     		ldr	r2, [r0, #4]
 739 00ec 22F40052 		bic	r2, r2, #8192
 740 00f0 4260     		str	r2, [r0, #4]
 741 00f2 E7E7     		b	.L94
 742              	.L89:
 743 00f4 236C     		ldr	r3, [r4, #64]
 744 00f6 43F01003 		orr	r3, r3, #16
 745 00fa 2364     		str	r3, [r4, #64]
 746 00fc 636C     		ldr	r3, [r4, #68]
 747 00fe 43F00103 		orr	r3, r3, #1
 748 0102 6364     		str	r3, [r4, #68]
 749 0104 0020     		movs	r0, #0
 750              	.L85:
 751 0106 02B0     		add	sp, sp, #8
 752              		@ sp needed
 753 0108 10BD     		pop	{r4, pc}
 754              	.L95:
 755 010a 0220     		movs	r0, #2
 756 010c FBE7     		b	.L85
 757              	.L98:
 758 010e 00BF     		.align	2
 759              	.L97:
 760 0110 00000000 		.word	SystemCoreClock
ARM GAS  C:\Users\PNGUBO~1\AppData\Local\Temp\cchJJwGp.s 			page 14


 761 0114 83DE1B43 		.word	1125899907
 762 0118 00000000 		.word	ADC_MultiModeDMAConvCplt
 763 011c 00000000 		.word	ADC_MultiModeDMAHalfConvCplt
 764 0120 00000000 		.word	ADC_MultiModeDMAError
 765 0124 00230140 		.word	1073816320
 766 0128 08230140 		.word	1073816328
 768              		.section	.text.HAL_ADCEx_MultiModeStop_DMA,"ax",%progbits
 769              		.align	1
 770              		.global	HAL_ADCEx_MultiModeStop_DMA
 771              		.syntax unified
 772              		.thumb
 773              		.thumb_func
 775              	HAL_ADCEx_MultiModeStop_DMA:
 776              		@ args = 0, pretend = 0, frame = 0
 777              		@ frame_needed = 0, uses_anonymous_args = 0
 778 0000 90F83C30 		ldrb	r3, [r0, #60]	@ zero_extendqisi2
 779 0004 012B     		cmp	r3, #1
 780 0006 29D0     		beq	.L102
 781 0008 10B5     		push	{r4, lr}
 782 000a 0446     		mov	r4, r0
 783 000c 0123     		movs	r3, #1
 784 000e 80F83C30 		strb	r3, [r0, #60]
 785 0012 0268     		ldr	r2, [r0]
 786 0014 9368     		ldr	r3, [r2, #8]
 787 0016 23F00103 		bic	r3, r3, #1
 788 001a 9360     		str	r3, [r2, #8]
 789 001c 0368     		ldr	r3, [r0]
 790 001e 9B68     		ldr	r3, [r3, #8]
 791 0020 13F0010F 		tst	r3, #1
 792 0024 04D0     		beq	.L108
 793 0026 0020     		movs	r0, #0
 794              	.L101:
 795 0028 0023     		movs	r3, #0
 796 002a 84F83C30 		strb	r3, [r4, #60]
 797 002e 10BD     		pop	{r4, pc}
 798              	.L108:
 799 0030 0B4A     		ldr	r2, .L109
 800 0032 5368     		ldr	r3, [r2, #4]
 801 0034 23F40053 		bic	r3, r3, #8192
 802 0038 5360     		str	r3, [r2, #4]
 803 003a 806B     		ldr	r0, [r0, #56]
 804 003c FFF7FEFF 		bl	HAL_DMA_Abort
 805 0040 2268     		ldr	r2, [r4]
 806 0042 5368     		ldr	r3, [r2, #4]
 807 0044 23F08063 		bic	r3, r3, #67108864
 808 0048 5360     		str	r3, [r2, #4]
 809 004a 236C     		ldr	r3, [r4, #64]
 810 004c 23F48853 		bic	r3, r3, #4352
 811 0050 23F00103 		bic	r3, r3, #1
 812 0054 43F00103 		orr	r3, r3, #1
 813 0058 2364     		str	r3, [r4, #64]
 814 005a E5E7     		b	.L101
 815              	.L102:
 816 005c 0220     		movs	r0, #2
 817 005e 7047     		bx	lr
 818              	.L110:
 819              		.align	2
ARM GAS  C:\Users\PNGUBO~1\AppData\Local\Temp\cchJJwGp.s 			page 15


 820              	.L109:
 821 0060 00230140 		.word	1073816320
 823              		.section	.text.HAL_ADCEx_MultiModeGetValue,"ax",%progbits
 824              		.align	1
 825              		.global	HAL_ADCEx_MultiModeGetValue
 826              		.syntax unified
 827              		.thumb
 828              		.thumb_func
 830              	HAL_ADCEx_MultiModeGetValue:
 831              		@ args = 0, pretend = 0, frame = 0
 832              		@ frame_needed = 0, uses_anonymous_args = 0
 833              		@ link register save eliminated.
 834 0000 014B     		ldr	r3, .L112
 835 0002 9868     		ldr	r0, [r3, #8]
 836 0004 7047     		bx	lr
 837              	.L113:
 838 0006 00BF     		.align	2
 839              	.L112:
 840 0008 00230140 		.word	1073816320
 842              		.section	.text.HAL_ADCEx_InjectedConvCpltCallback,"ax",%progbits
 843              		.align	1
 844              		.weak	HAL_ADCEx_InjectedConvCpltCallback
 845              		.syntax unified
 846              		.thumb
 847              		.thumb_func
 849              	HAL_ADCEx_InjectedConvCpltCallback:
 850              		@ args = 0, pretend = 0, frame = 0
 851              		@ frame_needed = 0, uses_anonymous_args = 0
 852              		@ link register save eliminated.
 853 0000 7047     		bx	lr
 855              		.section	.text.HAL_ADCEx_InjectedConfigChannel,"ax",%progbits
 856              		.align	1
 857              		.global	HAL_ADCEx_InjectedConfigChannel
 858              		.syntax unified
 859              		.thumb
 860              		.thumb_func
 862              	HAL_ADCEx_InjectedConfigChannel:
 863              		@ args = 0, pretend = 0, frame = 0
 864              		@ frame_needed = 0, uses_anonymous_args = 0
 865              		@ link register save eliminated.
 866 0000 90F83C20 		ldrb	r2, [r0, #60]	@ zero_extendqisi2
 867 0004 012A     		cmp	r2, #1
 868 0006 00F0F480 		beq	.L132
 869 000a 30B4     		push	{r4, r5}
 870 000c 0346     		mov	r3, r0
 871 000e 0122     		movs	r2, #1
 872 0010 80F83C20 		strb	r2, [r0, #60]
 873 0014 0A68     		ldr	r2, [r1]
 874 0016 092A     		cmp	r2, #9
 875 0018 40F28980 		bls	.L117
 876 001c 0568     		ldr	r5, [r0]
 877 001e E868     		ldr	r0, [r5, #12]
 878 0020 92B2     		uxth	r2, r2
 879 0022 02EB4202 		add	r2, r2, r2, lsl #1
 880 0026 1E3A     		subs	r2, r2, #30
 881 0028 0724     		movs	r4, #7
 882 002a 04FA02F2 		lsl	r2, r4, r2
ARM GAS  C:\Users\PNGUBO~1\AppData\Local\Temp\cchJJwGp.s 			page 16


 883 002e 20EA0202 		bic	r2, r0, r2
 884 0032 EA60     		str	r2, [r5, #12]
 885 0034 1D68     		ldr	r5, [r3]
 886 0036 E868     		ldr	r0, [r5, #12]
 887 0038 8C68     		ldr	r4, [r1, #8]
 888 003a 0A88     		ldrh	r2, [r1]
 889 003c 02EB4202 		add	r2, r2, r2, lsl #1
 890 0040 1E3A     		subs	r2, r2, #30
 891 0042 9440     		lsls	r4, r4, r2
 892 0044 2043     		orrs	r0, r0, r4
 893 0046 E860     		str	r0, [r5, #12]
 894              	.L118:
 895 0048 1868     		ldr	r0, [r3]
 896 004a 826B     		ldr	r2, [r0, #56]
 897 004c 22F44012 		bic	r2, r2, #3145728
 898 0050 8263     		str	r2, [r0, #56]
 899 0052 1C68     		ldr	r4, [r3]
 900 0054 A26B     		ldr	r2, [r4, #56]
 901 0056 0869     		ldr	r0, [r1, #16]
 902 0058 0138     		subs	r0, r0, #1
 903 005a 42EA0052 		orr	r2, r2, r0, lsl #20
 904 005e A263     		str	r2, [r4, #56]
 905 0060 1C68     		ldr	r4, [r3]
 906 0062 A06B     		ldr	r0, [r4, #56]
 907 0064 4A68     		ldr	r2, [r1, #4]
 908 0066 0D69     		ldr	r5, [r1, #16]
 909 0068 521B     		subs	r2, r2, r5
 910 006a D2B2     		uxtb	r2, r2
 911 006c 0332     		adds	r2, r2, #3
 912 006e D2B2     		uxtb	r2, r2
 913 0070 02EB8202 		add	r2, r2, r2, lsl #2
 914 0074 4FF01F0C 		mov	ip, #31
 915 0078 0CFA02F2 		lsl	r2, ip, r2
 916 007c 20EA0202 		bic	r2, r0, r2
 917 0080 A263     		str	r2, [r4, #56]
 918 0082 1C68     		ldr	r4, [r3]
 919 0084 A06B     		ldr	r0, [r4, #56]
 920 0086 4A68     		ldr	r2, [r1, #4]
 921 0088 0D69     		ldr	r5, [r1, #16]
 922 008a 521B     		subs	r2, r2, r5
 923 008c D2B2     		uxtb	r2, r2
 924 008e 0332     		adds	r2, r2, #3
 925 0090 D2B2     		uxtb	r2, r2
 926 0092 02EB8202 		add	r2, r2, r2, lsl #2
 927 0096 B1F800C0 		ldrh	ip, [r1]
 928 009a 0CFA02F2 		lsl	r2, ip, r2
 929 009e 0243     		orrs	r2, r2, r0
 930 00a0 A263     		str	r2, [r4, #56]
 931 00a2 8869     		ldr	r0, [r1, #24]
 932 00a4 544A     		ldr	r2, .L139
 933 00a6 9042     		cmp	r0, r2
 934 00a8 56D0     		beq	.L119
 935 00aa 1868     		ldr	r0, [r3]
 936 00ac 8268     		ldr	r2, [r0, #8]
 937 00ae 22F47022 		bic	r2, r2, #983040
 938 00b2 8260     		str	r2, [r0, #8]
 939 00b4 1868     		ldr	r0, [r3]
ARM GAS  C:\Users\PNGUBO~1\AppData\Local\Temp\cchJJwGp.s 			page 17


 940 00b6 8268     		ldr	r2, [r0, #8]
 941 00b8 8C69     		ldr	r4, [r1, #24]
 942 00ba 2243     		orrs	r2, r2, r4
 943 00bc 8260     		str	r2, [r0, #8]
 944 00be 1868     		ldr	r0, [r3]
 945 00c0 8268     		ldr	r2, [r0, #8]
 946 00c2 22F44012 		bic	r2, r2, #3145728
 947 00c6 8260     		str	r2, [r0, #8]
 948 00c8 1868     		ldr	r0, [r3]
 949 00ca 8268     		ldr	r2, [r0, #8]
 950 00cc CC69     		ldr	r4, [r1, #28]
 951 00ce 2243     		orrs	r2, r2, r4
 952 00d0 8260     		str	r2, [r0, #8]
 953              	.L120:
 954 00d2 4A7D     		ldrb	r2, [r1, #21]	@ zero_extendqisi2
 955 00d4 002A     		cmp	r2, #0
 956 00d6 4AD0     		beq	.L121
 957 00d8 1868     		ldr	r0, [r3]
 958 00da 4268     		ldr	r2, [r0, #4]
 959 00dc 42F48062 		orr	r2, r2, #1024
 960 00e0 4260     		str	r2, [r0, #4]
 961              	.L122:
 962 00e2 0A7D     		ldrb	r2, [r1, #20]	@ zero_extendqisi2
 963 00e4 002A     		cmp	r2, #0
 964 00e6 48D0     		beq	.L123
 965 00e8 1868     		ldr	r0, [r3]
 966 00ea 4268     		ldr	r2, [r0, #4]
 967 00ec 42F48052 		orr	r2, r2, #4096
 968 00f0 4260     		str	r2, [r0, #4]
 969              	.L124:
 970 00f2 4A68     		ldr	r2, [r1, #4]
 971 00f4 022A     		cmp	r2, #2
 972 00f6 46D0     		beq	.L125
 973 00f8 032A     		cmp	r2, #3
 974 00fa 4FD0     		beq	.L126
 975 00fc 012A     		cmp	r2, #1
 976 00fe 58D1     		bne	.L127
 977 0100 1868     		ldr	r0, [r3]
 978 0102 4269     		ldr	r2, [r0, #20]
 979 0104 6FF30B02 		bfc	r2, #0, #12
 980 0108 4261     		str	r2, [r0, #20]
 981 010a 1868     		ldr	r0, [r3]
 982 010c 4269     		ldr	r2, [r0, #20]
 983 010e CC68     		ldr	r4, [r1, #12]
 984 0110 2243     		orrs	r2, r2, r4
 985 0112 4261     		str	r2, [r0, #20]
 986              	.L128:
 987 0114 1868     		ldr	r0, [r3]
 988 0116 394A     		ldr	r2, .L139+4
 989 0118 9042     		cmp	r0, r2
 990 011a 55D0     		beq	.L137
 991              	.L129:
 992 011c 1868     		ldr	r0, [r3]
 993 011e 374A     		ldr	r2, .L139+4
 994 0120 9042     		cmp	r0, r2
 995 0122 5AD0     		beq	.L138
 996              	.L130:
ARM GAS  C:\Users\PNGUBO~1\AppData\Local\Temp\cchJJwGp.s 			page 18


 997 0124 0020     		movs	r0, #0
 998 0126 83F83C00 		strb	r0, [r3, #60]
 999 012a 30BC     		pop	{r4, r5}
 1000 012c 7047     		bx	lr
 1001              	.L117:
 1002 012e 0568     		ldr	r5, [r0]
 1003 0130 2869     		ldr	r0, [r5, #16]
 1004 0132 92B2     		uxth	r2, r2
 1005 0134 02EB4202 		add	r2, r2, r2, lsl #1
 1006 0138 0724     		movs	r4, #7
 1007 013a 04FA02F2 		lsl	r2, r4, r2
 1008 013e 20EA0202 		bic	r2, r0, r2
 1009 0142 2A61     		str	r2, [r5, #16]
 1010 0144 1D68     		ldr	r5, [r3]
 1011 0146 2869     		ldr	r0, [r5, #16]
 1012 0148 8C68     		ldr	r4, [r1, #8]
 1013 014a 0A88     		ldrh	r2, [r1]
 1014 014c 02EB4202 		add	r2, r2, r2, lsl #1
 1015 0150 9440     		lsls	r4, r4, r2
 1016 0152 2043     		orrs	r0, r0, r4
 1017 0154 2861     		str	r0, [r5, #16]
 1018 0156 77E7     		b	.L118
 1019              	.L119:
 1020 0158 1868     		ldr	r0, [r3]
 1021 015a 8268     		ldr	r2, [r0, #8]
 1022 015c 22F47022 		bic	r2, r2, #983040
 1023 0160 8260     		str	r2, [r0, #8]
 1024 0162 1868     		ldr	r0, [r3]
 1025 0164 8268     		ldr	r2, [r0, #8]
 1026 0166 22F44012 		bic	r2, r2, #3145728
 1027 016a 8260     		str	r2, [r0, #8]
 1028 016c B1E7     		b	.L120
 1029              	.L121:
 1030 016e 1868     		ldr	r0, [r3]
 1031 0170 4268     		ldr	r2, [r0, #4]
 1032 0172 22F48062 		bic	r2, r2, #1024
 1033 0176 4260     		str	r2, [r0, #4]
 1034 0178 B3E7     		b	.L122
 1035              	.L123:
 1036 017a 1868     		ldr	r0, [r3]
 1037 017c 4268     		ldr	r2, [r0, #4]
 1038 017e 22F48052 		bic	r2, r2, #4096
 1039 0182 4260     		str	r2, [r0, #4]
 1040 0184 B5E7     		b	.L124
 1041              	.L125:
 1042 0186 1868     		ldr	r0, [r3]
 1043 0188 8269     		ldr	r2, [r0, #24]
 1044 018a 6FF30B02 		bfc	r2, #0, #12
 1045 018e 8261     		str	r2, [r0, #24]
 1046 0190 1868     		ldr	r0, [r3]
 1047 0192 8269     		ldr	r2, [r0, #24]
 1048 0194 CC68     		ldr	r4, [r1, #12]
 1049 0196 2243     		orrs	r2, r2, r4
 1050 0198 8261     		str	r2, [r0, #24]
 1051 019a BBE7     		b	.L128
 1052              	.L126:
 1053 019c 1868     		ldr	r0, [r3]
ARM GAS  C:\Users\PNGUBO~1\AppData\Local\Temp\cchJJwGp.s 			page 19


 1054 019e C269     		ldr	r2, [r0, #28]
 1055 01a0 6FF30B02 		bfc	r2, #0, #12
 1056 01a4 C261     		str	r2, [r0, #28]
 1057 01a6 1868     		ldr	r0, [r3]
 1058 01a8 C269     		ldr	r2, [r0, #28]
 1059 01aa CC68     		ldr	r4, [r1, #12]
 1060 01ac 2243     		orrs	r2, r2, r4
 1061 01ae C261     		str	r2, [r0, #28]
 1062 01b0 B0E7     		b	.L128
 1063              	.L127:
 1064 01b2 1868     		ldr	r0, [r3]
 1065 01b4 026A     		ldr	r2, [r0, #32]
 1066 01b6 6FF30B02 		bfc	r2, #0, #12
 1067 01ba 0262     		str	r2, [r0, #32]
 1068 01bc 1868     		ldr	r0, [r3]
 1069 01be 026A     		ldr	r2, [r0, #32]
 1070 01c0 CC68     		ldr	r4, [r1, #12]
 1071 01c2 2243     		orrs	r2, r2, r4
 1072 01c4 0262     		str	r2, [r0, #32]
 1073 01c6 A5E7     		b	.L128
 1074              	.L137:
 1075 01c8 0A68     		ldr	r2, [r1]
 1076 01ca 122A     		cmp	r2, #18
 1077 01cc A6D1     		bne	.L129
 1078 01ce 0C48     		ldr	r0, .L139+8
 1079 01d0 4268     		ldr	r2, [r0, #4]
 1080 01d2 42F48002 		orr	r2, r2, #4194304
 1081 01d6 4260     		str	r2, [r0, #4]
 1082 01d8 A0E7     		b	.L129
 1083              	.L138:
 1084 01da 0A68     		ldr	r2, [r1]
 1085 01dc 0949     		ldr	r1, .L139+12
 1086 01de 8A42     		cmp	r2, r1
 1087 01e0 01D0     		beq	.L131
 1088 01e2 112A     		cmp	r2, #17
 1089 01e4 9ED1     		bne	.L130
 1090              	.L131:
 1091 01e6 0649     		ldr	r1, .L139+8
 1092 01e8 4A68     		ldr	r2, [r1, #4]
 1093 01ea 42F40002 		orr	r2, r2, #8388608
 1094 01ee 4A60     		str	r2, [r1, #4]
 1095 01f0 98E7     		b	.L130
 1096              	.L132:
 1097 01f2 0220     		movs	r0, #2
 1098 01f4 7047     		bx	lr
 1099              	.L140:
 1100 01f6 00BF     		.align	2
 1101              	.L139:
 1102 01f8 01000F00 		.word	983041
 1103 01fc 00200140 		.word	1073815552
 1104 0200 00230140 		.word	1073816320
 1105 0204 12000010 		.word	268435474
 1107              		.section	.text.HAL_ADCEx_MultiModeConfigChannel,"ax",%progbits
 1108              		.align	1
 1109              		.global	HAL_ADCEx_MultiModeConfigChannel
 1110              		.syntax unified
 1111              		.thumb
ARM GAS  C:\Users\PNGUBO~1\AppData\Local\Temp\cchJJwGp.s 			page 20


 1112              		.thumb_func
 1114              	HAL_ADCEx_MultiModeConfigChannel:
 1115              		@ args = 0, pretend = 0, frame = 0
 1116              		@ frame_needed = 0, uses_anonymous_args = 0
 1117              		@ link register save eliminated.
 1118 0000 90F83C30 		ldrb	r3, [r0, #60]	@ zero_extendqisi2
 1119 0004 012B     		cmp	r3, #1
 1120 0006 23D0     		beq	.L143
 1121 0008 10B4     		push	{r4}
 1122 000a 0246     		mov	r2, r0
 1123 000c 0123     		movs	r3, #1
 1124 000e 80F83C30 		strb	r3, [r0, #60]
 1125 0012 104B     		ldr	r3, .L148
 1126 0014 5868     		ldr	r0, [r3, #4]
 1127 0016 20F01F00 		bic	r0, r0, #31
 1128 001a 5860     		str	r0, [r3, #4]
 1129 001c 5868     		ldr	r0, [r3, #4]
 1130 001e 0C68     		ldr	r4, [r1]
 1131 0020 2043     		orrs	r0, r0, r4
 1132 0022 5860     		str	r0, [r3, #4]
 1133 0024 5868     		ldr	r0, [r3, #4]
 1134 0026 20F44040 		bic	r0, r0, #49152
 1135 002a 5860     		str	r0, [r3, #4]
 1136 002c 5868     		ldr	r0, [r3, #4]
 1137 002e 4C68     		ldr	r4, [r1, #4]
 1138 0030 2043     		orrs	r0, r0, r4
 1139 0032 5860     		str	r0, [r3, #4]
 1140 0034 5868     		ldr	r0, [r3, #4]
 1141 0036 20F47060 		bic	r0, r0, #3840
 1142 003a 5860     		str	r0, [r3, #4]
 1143 003c 5868     		ldr	r0, [r3, #4]
 1144 003e 8968     		ldr	r1, [r1, #8]
 1145 0040 0143     		orrs	r1, r1, r0
 1146 0042 5960     		str	r1, [r3, #4]
 1147 0044 0020     		movs	r0, #0
 1148 0046 82F83C00 		strb	r0, [r2, #60]
 1149 004a 5DF8044B 		ldr	r4, [sp], #4
 1150 004e 7047     		bx	lr
 1151              	.L143:
 1152 0050 0220     		movs	r0, #2
 1153 0052 7047     		bx	lr
 1154              	.L149:
 1155              		.align	2
 1156              	.L148:
 1157 0054 00230140 		.word	1073816320
 1159              		.ident	"GCC: (xPack GNU Arm Embedded GCC x86_64) 14.2.1 20241119"
ARM GAS  C:\Users\PNGUBO~1\AppData\Local\Temp\cchJJwGp.s 			page 21


DEFINED SYMBOLS
                            *ABS*:00000000 stm32f4xx_hal_adc_ex.c
C:\Users\PNGUBO~1\AppData\Local\Temp\cchJJwGp.s:18     .text.ADC_MultiModeDMAError:00000000 $t
C:\Users\PNGUBO~1\AppData\Local\Temp\cchJJwGp.s:23     .text.ADC_MultiModeDMAError:00000000 ADC_MultiModeDMAError
C:\Users\PNGUBO~1\AppData\Local\Temp\cchJJwGp.s:37     .text.ADC_MultiModeDMAHalfConvCplt:00000000 $t
C:\Users\PNGUBO~1\AppData\Local\Temp\cchJJwGp.s:42     .text.ADC_MultiModeDMAHalfConvCplt:00000000 ADC_MultiModeDMAHalfConvCplt
C:\Users\PNGUBO~1\AppData\Local\Temp\cchJJwGp.s:51     .text.ADC_MultiModeDMAConvCplt:00000000 $t
C:\Users\PNGUBO~1\AppData\Local\Temp\cchJJwGp.s:56     .text.ADC_MultiModeDMAConvCplt:00000000 ADC_MultiModeDMAConvCplt
C:\Users\PNGUBO~1\AppData\Local\Temp\cchJJwGp.s:104    .text.HAL_ADCEx_InjectedStart:00000000 $t
C:\Users\PNGUBO~1\AppData\Local\Temp\cchJJwGp.s:110    .text.HAL_ADCEx_InjectedStart:00000000 HAL_ADCEx_InjectedStart
C:\Users\PNGUBO~1\AppData\Local\Temp\cchJJwGp.s:230    .text.HAL_ADCEx_InjectedStart:000000f4 $d
C:\Users\PNGUBO~1\AppData\Local\Temp\cchJJwGp.s:236    .text.HAL_ADCEx_InjectedStart_IT:00000000 $t
C:\Users\PNGUBO~1\AppData\Local\Temp\cchJJwGp.s:242    .text.HAL_ADCEx_InjectedStart_IT:00000000 HAL_ADCEx_InjectedStart_IT
C:\Users\PNGUBO~1\AppData\Local\Temp\cchJJwGp.s:366    .text.HAL_ADCEx_InjectedStart_IT:000000fc $d
C:\Users\PNGUBO~1\AppData\Local\Temp\cchJJwGp.s:372    .text.HAL_ADCEx_InjectedStop:00000000 $t
C:\Users\PNGUBO~1\AppData\Local\Temp\cchJJwGp.s:378    .text.HAL_ADCEx_InjectedStop:00000000 HAL_ADCEx_InjectedStop
C:\Users\PNGUBO~1\AppData\Local\Temp\cchJJwGp.s:426    .text.HAL_ADCEx_InjectedPollForConversion:00000000 $t
C:\Users\PNGUBO~1\AppData\Local\Temp\cchJJwGp.s:432    .text.HAL_ADCEx_InjectedPollForConversion:00000000 HAL_ADCEx_InjectedPollForConversion
C:\Users\PNGUBO~1\AppData\Local\Temp\cchJJwGp.s:518    .text.HAL_ADCEx_InjectedStop_IT:00000000 $t
C:\Users\PNGUBO~1\AppData\Local\Temp\cchJJwGp.s:524    .text.HAL_ADCEx_InjectedStop_IT:00000000 HAL_ADCEx_InjectedStop_IT
C:\Users\PNGUBO~1\AppData\Local\Temp\cchJJwGp.s:575    .text.HAL_ADCEx_InjectedGetValue:00000000 $t
C:\Users\PNGUBO~1\AppData\Local\Temp\cchJJwGp.s:581    .text.HAL_ADCEx_InjectedGetValue:00000000 HAL_ADCEx_InjectedGetValue
C:\Users\PNGUBO~1\AppData\Local\Temp\cchJJwGp.s:596    .text.HAL_ADCEx_InjectedGetValue:00000018 $d
C:\Users\PNGUBO~1\AppData\Local\Temp\cchJJwGp.s:600    .text.HAL_ADCEx_InjectedGetValue:0000001c $t
C:\Users\PNGUBO~1\AppData\Local\Temp\cchJJwGp.s:627    .text.HAL_ADCEx_MultiModeStart_DMA:00000000 $t
C:\Users\PNGUBO~1\AppData\Local\Temp\cchJJwGp.s:633    .text.HAL_ADCEx_MultiModeStart_DMA:00000000 HAL_ADCEx_MultiModeStart_DMA
C:\Users\PNGUBO~1\AppData\Local\Temp\cchJJwGp.s:760    .text.HAL_ADCEx_MultiModeStart_DMA:00000110 $d
C:\Users\PNGUBO~1\AppData\Local\Temp\cchJJwGp.s:769    .text.HAL_ADCEx_MultiModeStop_DMA:00000000 $t
C:\Users\PNGUBO~1\AppData\Local\Temp\cchJJwGp.s:775    .text.HAL_ADCEx_MultiModeStop_DMA:00000000 HAL_ADCEx_MultiModeStop_DMA
C:\Users\PNGUBO~1\AppData\Local\Temp\cchJJwGp.s:821    .text.HAL_ADCEx_MultiModeStop_DMA:00000060 $d
C:\Users\PNGUBO~1\AppData\Local\Temp\cchJJwGp.s:824    .text.HAL_ADCEx_MultiModeGetValue:00000000 $t
C:\Users\PNGUBO~1\AppData\Local\Temp\cchJJwGp.s:830    .text.HAL_ADCEx_MultiModeGetValue:00000000 HAL_ADCEx_MultiModeGetValue
C:\Users\PNGUBO~1\AppData\Local\Temp\cchJJwGp.s:840    .text.HAL_ADCEx_MultiModeGetValue:00000008 $d
C:\Users\PNGUBO~1\AppData\Local\Temp\cchJJwGp.s:843    .text.HAL_ADCEx_InjectedConvCpltCallback:00000000 $t
C:\Users\PNGUBO~1\AppData\Local\Temp\cchJJwGp.s:849    .text.HAL_ADCEx_InjectedConvCpltCallback:00000000 HAL_ADCEx_InjectedConvCpltCallback
C:\Users\PNGUBO~1\AppData\Local\Temp\cchJJwGp.s:856    .text.HAL_ADCEx_InjectedConfigChannel:00000000 $t
C:\Users\PNGUBO~1\AppData\Local\Temp\cchJJwGp.s:862    .text.HAL_ADCEx_InjectedConfigChannel:00000000 HAL_ADCEx_InjectedConfigChannel
C:\Users\PNGUBO~1\AppData\Local\Temp\cchJJwGp.s:1102   .text.HAL_ADCEx_InjectedConfigChannel:000001f8 $d
C:\Users\PNGUBO~1\AppData\Local\Temp\cchJJwGp.s:1108   .text.HAL_ADCEx_MultiModeConfigChannel:00000000 $t
C:\Users\PNGUBO~1\AppData\Local\Temp\cchJJwGp.s:1114   .text.HAL_ADCEx_MultiModeConfigChannel:00000000 HAL_ADCEx_MultiModeConfigChannel
C:\Users\PNGUBO~1\AppData\Local\Temp\cchJJwGp.s:1157   .text.HAL_ADCEx_MultiModeConfigChannel:00000054 $d

UNDEFINED SYMBOLS
HAL_ADC_ErrorCallback
HAL_ADC_ConvHalfCpltCallback
HAL_ADC_ConvCpltCallback
SystemCoreClock
HAL_GetTick
HAL_DMA_Start_IT
HAL_DMA_Abort
